This is XeTeX, Version 3.141592653-2.6-0.999994 (TeX Live 2022) (preloaded format=xelatex 2022.9.7)  7 NOV 2022 18:15
entering extended mode
 restricted \write18 enabled.
 %&-line parsing enabled.
**riscv-privileged
(../src/riscv-privileged.tex
LaTeX2e <2021-11-15> patch level 1
L3 programming layer <2022-02-24>
(/usr/local/texlive/2022/texmf-dist/tex/latex/base/book.cls
Document Class: book 2021/10/04 v1.4n Standard LaTeX document class
(/usr/local/texlive/2022/texmf-dist/tex/latex/base/bk11.clo
File: bk11.clo 2021/10/04 v1.4n Standard LaTeX file (size option)
)
\c@part=\count181
\c@chapter=\count182
\c@section=\count183
\c@subsection=\count184
\c@subsubsection=\count185
\c@paragraph=\count186
\c@subparagraph=\count187
\c@figure=\count188
\c@table=\count189
\abovecaptionskip=\skip47
\belowcaptionskip=\skip48
\bibindent=\dimen138
)
(../src/preamble.tex
(/usr/local/texlive/2022/texmf-dist/tex/latex/graphics/graphicx.sty
Package: graphicx 2021/09/16 v1.2d Enhanced LaTeX Graphics (DPC,SPQR)

(/usr/local/texlive/2022/texmf-dist/tex/latex/graphics/keyval.sty
Package: keyval 2014/10/28 v1.15 key=value parser (DPC)
\KV@toks@=\toks16
)
(/usr/local/texlive/2022/texmf-dist/tex/latex/graphics/graphics.sty
Package: graphics 2021/03/04 v1.4d Standard LaTeX Graphics (DPC,SPQR)

(/usr/local/texlive/2022/texmf-dist/tex/latex/graphics/trig.sty
Package: trig 2021/08/11 v1.11 sin cos tan (DPC)
)
(/usr/local/texlive/2022/texmf-dist/tex/latex/graphics-cfg/graphics.cfg
File: graphics.cfg 2016/06/04 v1.11 sample graphics configuration
)
Package graphics Info: Driver file: xetex.def on input line 107.

(/usr/local/texlive/2022/texmf-dist/tex/latex/graphics-def/xetex.def
File: xetex.def 2021/03/18 v5.0k Graphics/color driver for xetex
))
\Gin@req@height=\dimen139
\Gin@req@width=\dimen140
)
(/usr/local/texlive/2022/texmf-dist/tex/latex/geometry/geometry.sty
Package: geometry 2020/01/02 v5.9 Page Geometry

(/usr/local/texlive/2022/texmf-dist/tex/generic/iftex/ifvtex.sty
Package: ifvtex 2019/10/25 v1.7 ifvtex legacy package. Use iftex instead.

(/usr/local/texlive/2022/texmf-dist/tex/generic/iftex/iftex.sty
Package: iftex 2022/02/03 v1.0f TeX engine tests
))
\Gm@cnth=\count190
\Gm@cntv=\count191
\c@Gm@tempcnt=\count192
\Gm@bindingoffset=\dimen141
\Gm@wd@mp=\dimen142
\Gm@odd@mp=\dimen143
\Gm@even@mp=\dimen144
\Gm@layoutwidth=\dimen145
\Gm@layoutheight=\dimen146
\Gm@layouthoffset=\dimen147
\Gm@layoutvoffset=\dimen148
\Gm@dimlist=\toks17
)
(/usr/local/texlive/2022/texmf-dist/tex/latex/tools/array.sty
Package: array 2021/10/04 v2.5f Tabular extension package (FMi)
\col@sep=\dimen149
\ar@mcellbox=\box50
\extrarowheight=\dimen150
\NC@list=\toks18
\extratabsurround=\skip49
\backup@length=\skip50
\ar@cellbox=\box51
)
(/usr/local/texlive/2022/texmf-dist/tex/latex/colortbl/colortbl.sty
Package: colortbl 2020/01/04 v1.0e Color table columns (DPC)

(/usr/local/texlive/2022/texmf-dist/tex/latex/graphics/color.sty
Package: color 2021/12/07 v1.3c Standard LaTeX Color (DPC)

(/usr/local/texlive/2022/texmf-dist/tex/latex/graphics-cfg/color.cfg
File: color.cfg 2016/01/02 v1.6 sample color configuration
)
Package color Info: Driver file: xetex.def on input line 149.
)
\everycr=\toks19
\minrowclearance=\skip51
)
(/usr/local/texlive/2022/texmf-dist/tex/latex/xcolor/xcolor.sty
Package: xcolor 2021/10/31 v2.13 LaTeX color extensions (UK)

(/usr/local/texlive/2022/texmf-dist/tex/latex/graphics-cfg/color.cfg
File: color.cfg 2016/01/02 v1.6 sample color configuration
)
Package xcolor Info: Driver file: xetex.def on input line 227.
LaTeX Info: Redefining \color on input line 711.
Package xcolor Info: Model `cmy' substituted by `cmy0' on input line 1352.
Package xcolor Info: Model `RGB' extended on input line 1368.
Package xcolor Info: Model `HTML' substituted by `rgb' on input line 1370.
Package xcolor Info: Model `Hsb' substituted by `hsb' on input line 1371.
Package xcolor Info: Model `tHsb' substituted by `hsb' on input line 1372.
Package xcolor Info: Model `HSB' substituted by `hsb' on input line 1373.
Package xcolor Info: Model `Gray' substituted by `gray' on input line 1374.
Package xcolor Info: Model `wave' substituted by `hsb' on input line 1375.

(/usr/local/texlive/2022/texmf-dist/tex/latex/xcolor/svgnam.def
File: svgnam.def 2021/10/31 v2.13 Predefined colors according to SVG 1.1 (UK)
))
(/usr/local/texlive/2022/texmf-dist/tex/latex/hyperref/hyperref.sty
Package: hyperref 2022-02-21 v7.00n Hypertext links for LaTeX

(/usr/local/texlive/2022/texmf-dist/tex/generic/ltxcmds/ltxcmds.sty
Package: ltxcmds 2020-05-10 v1.25 LaTeX kernel commands for general use (HO)
)
(/usr/local/texlive/2022/texmf-dist/tex/generic/pdftexcmds/pdftexcmds.sty
Package: pdftexcmds 2020-06-27 v0.33 Utility functions of pdfTeX for LuaTeX (HO
)

(/usr/local/texlive/2022/texmf-dist/tex/generic/infwarerr/infwarerr.sty
Package: infwarerr 2019/12/03 v1.5 Providing info/warning/error messages (HO)
)
Package pdftexcmds Info: \pdf@primitive is available.
Package pdftexcmds Info: \pdf@ifprimitive is available.
Package pdftexcmds Info: \pdfdraftmode not found.
)
(/usr/local/texlive/2022/texmf-dist/tex/generic/kvsetkeys/kvsetkeys.sty
Package: kvsetkeys 2019/12/15 v1.18 Key value parser (HO)
)
(/usr/local/texlive/2022/texmf-dist/tex/generic/kvdefinekeys/kvdefinekeys.sty
Package: kvdefinekeys 2019-12-19 v1.6 Define keys (HO)
)
(/usr/local/texlive/2022/texmf-dist/tex/generic/pdfescape/pdfescape.sty
Package: pdfescape 2019/12/09 v1.15 Implements pdfTeX's escape features (HO)
)
(/usr/local/texlive/2022/texmf-dist/tex/latex/hycolor/hycolor.sty
Package: hycolor 2020-01-27 v1.10 Color options for hyperref/bookmark (HO)
)
(/usr/local/texlive/2022/texmf-dist/tex/latex/letltxmacro/letltxmacro.sty
Package: letltxmacro 2019/12/03 v1.6 Let assignment for LaTeX macros (HO)
)
(/usr/local/texlive/2022/texmf-dist/tex/latex/auxhook/auxhook.sty
Package: auxhook 2019-12-17 v1.6 Hooks for auxiliary files (HO)
)
(/usr/local/texlive/2022/texmf-dist/tex/latex/kvoptions/kvoptions.sty
Package: kvoptions 2020-10-07 v3.14 Key value format for package options (HO)
)
\@linkdim=\dimen151
\Hy@linkcounter=\count193
\Hy@pagecounter=\count194

(/usr/local/texlive/2022/texmf-dist/tex/latex/hyperref/pd1enc.def
File: pd1enc.def 2022-02-21 v7.00n Hyperref: PDFDocEncoding definition (HO)
)
(/usr/local/texlive/2022/texmf-dist/tex/generic/intcalc/intcalc.sty
Package: intcalc 2019/12/15 v1.3 Expandable calculations with integers (HO)
)
(/usr/local/texlive/2022/texmf-dist/tex/generic/etexcmds/etexcmds.sty
Package: etexcmds 2019/12/15 v1.7 Avoid name clashes with e-TeX commands (HO)
)
\Hy@SavedSpaceFactor=\count195

(/usr/local/texlive/2022/texmf-dist/tex/latex/hyperref/puenc.def
File: puenc.def 2022-02-21 v7.00n Hyperref: PDF Unicode definition (HO)
)
Package hyperref Info: Option `colorlinks' set `true' on input line 4018.
Package hyperref Info: Hyper figures OFF on input line 4137.
Package hyperref Info: Link nesting OFF on input line 4142.
Package hyperref Info: Hyper index ON on input line 4145.
Package hyperref Info: Plain pages OFF on input line 4152.
Package hyperref Info: Backreferencing OFF on input line 4157.
Package hyperref Info: Implicit mode ON; LaTeX internals redefined.
Package hyperref Info: Bookmarks ON on input line 4390.
\c@Hy@tempcnt=\count196

(/usr/local/texlive/2022/texmf-dist/tex/latex/url/url.sty
\Urlmuskip=\muskip16
Package: url 2013/09/16  ver 3.4  Verb mode for urls, etc.
)
LaTeX Info: Redefining \url on input line 4749.
\XeTeXLinkMargin=\dimen152

(/usr/local/texlive/2022/texmf-dist/tex/generic/bitset/bitset.sty
Package: bitset 2019/12/09 v1.3 Handle bit-vector datatype (HO)

(/usr/local/texlive/2022/texmf-dist/tex/generic/bigintcalc/bigintcalc.sty
Package: bigintcalc 2019/12/15 v1.5 Expandable calculations on big integers (HO
)
))
\Fld@menulength=\count197
\Field@Width=\dimen153
\Fld@charsize=\dimen154
Package hyperref Info: Hyper figures OFF on input line 6027.
Package hyperref Info: Link nesting OFF on input line 6032.
Package hyperref Info: Hyper index ON on input line 6035.
Package hyperref Info: backreferencing OFF on input line 6042.
Package hyperref Info: Link coloring ON on input line 6045.
Package hyperref Info: Link coloring with OCG OFF on input line 6052.
Package hyperref Info: PDF/A mode OFF on input line 6057.
LaTeX Info: Redefining \ref on input line 6097.
LaTeX Info: Redefining \pageref on input line 6101.

(/usr/local/texlive/2022/texmf-dist/tex/latex/base/atbegshi-ltx.sty
Package: atbegshi-ltx 2021/01/10 v1.0c Emulation of the original atbegshi
package with kernel methods
)
\Hy@abspage=\count198
\c@Item=\count199
\c@Hfootnote=\count266
)
Package hyperref Info: Driver (autodetected): hxetex.

(/usr/local/texlive/2022/texmf-dist/tex/latex/hyperref/hxetex.def
File: hxetex.def 2022-02-21 v7.00n Hyperref driver for XeTeX

(/usr/local/texlive/2022/texmf-dist/tex/generic/stringenc/stringenc.sty
Package: stringenc 2019/11/29 v1.12 Convert strings between diff. encodings (HO
)
)
\pdfm@box=\box52
\c@Hy@AnnotLevel=\count267
\HyField@AnnotCount=\count268
\Fld@listcount=\count269
\c@bookmark@seq@number=\count270

(/usr/local/texlive/2022/texmf-dist/tex/latex/rerunfilecheck/rerunfilecheck.sty
Package: rerunfilecheck 2019/12/05 v1.9 Rerun checks for auxiliary files (HO)
(/usr/local/texlive/2022/texmf-dist/tex/latex/base/atveryend-ltx.sty
Package: atveryend-ltx 2020/08/19 v1.0a Emulation of the original atveryend pac
kage
with kernel methods
)
(/usr/local/texlive/2022/texmf-dist/tex/generic/uniquecounter/uniquecounter.sty
Package: uniquecounter 2019/12/15 v1.4 Provide unlimited unique counter (HO)
)
Package uniquecounter Info: New unique counter `rerunfilecheck' on input line 2
86.
)
\Hy@SectionHShift=\skip52
) (/usr/local/texlive/2022/texmf-dist/tex/latex/placeins/placeins.sty
Package: placeins 2005/04/18  v 2.2
)
(/usr/local/texlive/2022/texmf-dist/tex/latex/tools/longtable.sty
Package: longtable 2021-09-01 v4.17 Multi-page Table package (DPC)
\LTleft=\skip53
\LTright=\skip54
\LTpre=\skip55
\LTpost=\skip56
\LTchunksize=\count271
\LTcapwidth=\dimen155
\LT@head=\box53
\LT@firsthead=\box54
\LT@foot=\box55
\LT@lastfoot=\box56
\LT@gbox=\box57
\LT@cols=\count272
\LT@rows=\count273
\c@LT@tables=\count274
\c@LT@chunks=\count275
\LT@p@ftn=\toks20
)
(/usr/local/texlive/2022/texmf-dist/tex/latex/multirow/multirow.sty
Package: multirow 2021/03/15 v2.8 Span multiple rows of a table
\multirow@colwidth=\skip57
\multirow@cntb=\count276
\multirow@dima=\skip58
\bigstrutjot=\dimen156
)
(/usr/local/texlive/2022/texmf-dist/tex/latex/float/float.sty
Package: float 2001/11/08 v1.3d Float enhancements (AL)
\c@float@type=\count277
\float@exts=\toks21
\float@box=\box58
\@float@everytoks=\toks22
\@floatcapt=\box59
)
(/usr/local/texlive/2022/texmf-dist/tex/latex/listings/listings.sty
\lst@mode=\count278
\lst@gtempboxa=\box60
\lst@token=\toks23
\lst@length=\count279
\lst@currlwidth=\dimen157
\lst@column=\count280
\lst@pos=\count281
\lst@lostspace=\dimen158
\lst@width=\dimen159
\lst@newlines=\count282
\lst@lineno=\count283
\lst@maxwidth=\dimen160

(/usr/local/texlive/2022/texmf-dist/tex/latex/listings/lstmisc.sty
File: lstmisc.sty 2020/03/24 1.8d (Carsten Heinz)
\c@lstnumber=\count284
\lst@skipnumbers=\count285
\lst@framebox=\box61
)
(/usr/local/texlive/2022/texmf-dist/tex/latex/listings/listings.cfg
File: listings.cfg 2020/03/24 1.8d listings configuration
))
Package: listings 2020/03/24 1.8d (Carsten Heinz)

(/usr/local/texlive/2022/texmf-dist/tex/latex/comment/comment.sty
\CommentStream=\write3

Excluding comment 'comment')
(/usr/local/texlive/2022/texmf-dist/tex/latex/enumitem/enumitem.sty
Package: enumitem 2019/06/20 v3.9 Customized lists
\labelindent=\skip59
\enit@outerparindent=\dimen161
\enit@toks=\toks24
\enit@inbox=\box62
\enit@count@id=\count286
\enitdp@description=\count287
)
(/usr/local/texlive/2022/texmf-dist/tex/latex/verbatimbox/verbatimbox.sty
Package: verbatimbox 2014/03/12 v3.13 Routines for placing verbatim text into b
oxes, useful in places where the verbatim environment is inaccessible. Secondar
ily, for adding vertical buffer around an object.

(/usr/local/texlive/2022/texmf-dist/tex/latex/tools/verbatim.sty
Package: verbatim 2020-07-07 v1.5u LaTeX2e package for verbatim enhancements
\every@verbatim=\toks25
\verbatim@line=\toks26
\verbatim@in@stream=\read2
)
(/usr/local/texlive/2022/texmf-dist/tex/latex/readarray/readarray.sty
Package: readarray 2021/09/17\ 3.1\ Routines for inputting 2D and 3D array data
 and recalling it on an element-by-element basis.

(/usr/local/texlive/2022/texmf-dist/tex/latex/forloop/forloop.sty
Package: forloop 2006/09/18 v3.0 For Loops for LaTeX

(/usr/local/texlive/2022/texmf-dist/tex/latex/base/ifthen.sty
Package: ifthen 2020/11/24 v1.1c Standard LaTeX ifthen package (DPC)
))
(/usr/local/texlive/2022/texmf-dist/tex/generic/listofitems/listofitems.sty
(/usr/local/texlive/2022/texmf-dist/tex/generic/listofitems/listofitems.tex
Invalid UTF-8 byte or sequence at line 50 replaced by U+FFFD.
Invalid UTF-8 byte or sequence at line 50 replaced by U+FFFD.
Invalid UTF-8 byte or sequence at line 52 replaced by U+FFFD.
Invalid UTF-8 byte or sequence at line 52 replaced by U+FFFD.
Invalid UTF-8 byte or sequence at line 52 replaced by U+FFFD.
Invalid UTF-8 byte or sequence at line 96 replaced by U+FFFD.
Invalid UTF-8 byte or sequence at line 96 replaced by U+FFFD.
Invalid UTF-8 byte or sequence at line 104 replaced by U+FFFD.
Invalid UTF-8 byte or sequence at line 105 replaced by U+FFFD.
\loi_cnt_foreach_nest=\count288
Invalid UTF-8 byte or sequence at line 139 replaced by U+FFFD.
Invalid UTF-8 byte or sequence at line 146 replaced by U+FFFD.
Invalid UTF-8 byte or sequence at line 192 replaced by U+FFFD.
Invalid UTF-8 byte or sequence at line 209 replaced by U+FFFD.
Invalid UTF-8 byte or sequence at line 209 replaced by U+FFFD.
Invalid UTF-8 byte or sequence at line 222 replaced by U+FFFD.
Invalid UTF-8 byte or sequence at line 222 replaced by U+FFFD.
Invalid UTF-8 byte or sequence at line 223 replaced by U+FFFD.
Invalid UTF-8 byte or sequence at line 223 replaced by U+FFFD.
Invalid UTF-8 byte or sequence at line 224 replaced by U+FFFD.
Invalid UTF-8 byte or sequence at line 226 replaced by U+FFFD.
Invalid UTF-8 byte or sequence at line 226 replaced by U+FFFD.
Invalid UTF-8 byte or sequence at line 238 replaced by U+FFFD.
Invalid UTF-8 byte or sequence at line 243 replaced by U+FFFD.
Invalid UTF-8 byte or sequence at line 243 replaced by U+FFFD.
Invalid UTF-8 byte or sequence at line 260 replaced by U+FFFD.
Invalid UTF-8 byte or sequence at line 284 replaced by U+FFFD.
Invalid UTF-8 byte or sequence at line 310 replaced by U+FFFD.
Invalid UTF-8 byte or sequence at line 310 replaced by U+FFFD.
Invalid UTF-8 byte or sequence at line 324 replaced by U+FFFD.
Invalid UTF-8 byte or sequence at line 337 replaced by U+FFFD.
Invalid UTF-8 byte or sequence at line 337 replaced by U+FFFD.
Invalid UTF-8 byte or sequence at line 339 replaced by U+FFFD.
Invalid UTF-8 byte or sequence at line 350 replaced by U+FFFD.
Invalid UTF-8 byte or sequence at line 350 replaced by U+FFFD.
Invalid UTF-8 byte or sequence at line 350 replaced by U+FFFD.
Invalid UTF-8 byte or sequence at line 354 replaced by U+FFFD.
\loi_nestcnt=\count289
Invalid UTF-8 byte or sequence at line 367 replaced by U+FFFD.
Invalid UTF-8 byte or sequence at line 367 replaced by U+FFFD.
Invalid UTF-8 byte or sequence at line 367 replaced by U+FFFD.
Invalid UTF-8 byte or sequence at line 367 replaced by U+FFFD.
Invalid UTF-8 byte or sequence at line 375 replaced by U+FFFD.
Invalid UTF-8 byte or sequence at line 375 replaced by U+FFFD.
Invalid UTF-8 byte or sequence at line 375 replaced by U+FFFD.
Invalid UTF-8 byte or sequence at line 375 replaced by U+FFFD.
Invalid UTF-8 byte or sequence at line 377 replaced by U+FFFD.
Invalid UTF-8 byte or sequence at line 378 replaced by U+FFFD.
Invalid UTF-8 byte or sequence at line 398 replaced by U+FFFD.
Invalid UTF-8 byte or sequence at line 398 replaced by U+FFFD.
Invalid UTF-8 byte or sequence at line 399 replaced by U+FFFD.
Invalid UTF-8 byte or sequence at line 399 replaced by U+FFFD.
Invalid UTF-8 byte or sequence at line 399 replaced by U+FFFD.
Invalid UTF-8 byte or sequence at line 399 replaced by U+FFFD.
Invalid UTF-8 byte or sequence at line 399 replaced by U+FFFD.
Invalid UTF-8 byte or sequence at line 399 replaced by U+FFFD.
Invalid UTF-8 byte or sequence at line 409 replaced by U+FFFD.
Invalid UTF-8 byte or sequence at line 410 replaced by U+FFFD.
Invalid UTF-8 byte or sequence at line 410 replaced by U+FFFD.
Invalid UTF-8 byte or sequence at line 410 replaced by U+FFFD.
Invalid UTF-8 byte or sequence at line 410 replaced by U+FFFD.
Invalid UTF-8 byte or sequence at line 411 replaced by U+FFFD.
Invalid UTF-8 byte or sequence at line 411 replaced by U+FFFD.
Invalid UTF-8 byte or sequence at line 411 replaced by U+FFFD.
Invalid UTF-8 byte or sequence at line 411 replaced by U+FFFD.
Invalid UTF-8 byte or sequence at line 411 replaced by U+FFFD.
Invalid UTF-8 byte or sequence at line 411 replaced by U+FFFD.
Invalid UTF-8 byte or sequence at line 414 replaced by U+FFFD.
Invalid UTF-8 byte or sequence at line 422 replaced by U+FFFD.
Invalid UTF-8 byte or sequence at line 422 replaced by U+FFFD.
Invalid UTF-8 byte or sequence at line 426 replaced by U+FFFD.
Invalid UTF-8 byte or sequence at line 428 replaced by U+FFFD.
Invalid UTF-8 byte or sequence at line 433 replaced by U+FFFD.
Invalid UTF-8 byte or sequence at line 433 replaced by U+FFFD.
Invalid UTF-8 byte or sequence at line 441 replaced by U+FFFD.
Invalid UTF-8 byte or sequence at line 441 replaced by U+FFFD.
Invalid UTF-8 byte or sequence at line 442 replaced by U+FFFD.
Invalid UTF-8 byte or sequence at line 443 replaced by U+FFFD.
Invalid UTF-8 byte or sequence at line 443 replaced by U+FFFD.
Invalid UTF-8 byte or sequence at line 443 replaced by U+FFFD.
Invalid UTF-8 byte or sequence at line 446 replaced by U+FFFD.
Invalid UTF-8 byte or sequence at line 446 replaced by U+FFFD.
Invalid UTF-8 byte or sequence at line 446 replaced by U+FFFD.
Invalid UTF-8 byte or sequence at line 448 replaced by U+FFFD.
Invalid UTF-8 byte or sequence at line 448 replaced by U+FFFD.
Invalid UTF-8 byte or sequence at line 451 replaced by U+FFFD.
Invalid UTF-8 byte or sequence at line 455 replaced by U+FFFD.
Invalid UTF-8 byte or sequence at line 455 replaced by U+FFFD.
Invalid UTF-8 byte or sequence at line 458 replaced by U+FFFD.
Invalid UTF-8 byte or sequence at line 458 replaced by U+FFFD.
Invalid UTF-8 byte or sequence at line 472 replaced by U+FFFD.
Invalid UTF-8 byte or sequence at line 475 replaced by U+FFFD.
Invalid UTF-8 byte or sequence at line 492 replaced by U+FFFD.
Invalid UTF-8 byte or sequence at line 508 replaced by U+FFFD.
Invalid UTF-8 byte or sequence at line 508 replaced by U+FFFD.
Invalid UTF-8 byte or sequence at line 509 replaced by U+FFFD.
Invalid UTF-8 byte or sequence at line 509 replaced by U+FFFD.
Invalid UTF-8 byte or sequence at line 519 replaced by U+FFFD.
Invalid UTF-8 byte or sequence at line 541 replaced by U+FFFD.
Invalid UTF-8 byte or sequence at line 541 replaced by U+FFFD.
)
Package: listofitems 2019/08/21 v1.63 Grab items in lists using user-specified 
sep char (CT)
)
\c@@index=\count290
\c@@plane=\count291
\c@@row=\count292
\c@@col=\count293
\c@use@args=\count294
\c@@record=\count295
\c@index@count=\count296
\Arg@toks=\toks27
\@arrayident@toks=\toks28
\rdar@file=\read3
\readarrayendlinechar=\count297

readarray: bounds checking OFF
)
\savedverbbox=\box63
\c@VerbboxLineNo=\count298
\boxtopsep=\dimen162
\boxbottomsep=\dimen163
\ps@tempdima=\dimen164
\ps@tempboxa=\box64
\boxtop@sep=\skip60
\boxbottom@sep=\skip61
) (/usr/local/texlive/2022/texmf-dist/tex/latex/amsmath/amsmath.sty
Package: amsmath 2021/10/15 v2.17l AMS math features
\@mathmargin=\skip62

For additional information on amsmath, use the `?' option.
(/usr/local/texlive/2022/texmf-dist/tex/latex/amsmath/amstext.sty
Package: amstext 2021/08/26 v2.01 AMS text

(/usr/local/texlive/2022/texmf-dist/tex/latex/amsmath/amsgen.sty
File: amsgen.sty 1999/11/30 v2.0 generic functions
\@emptytoks=\toks29
\ex@=\dimen165
))
(/usr/local/texlive/2022/texmf-dist/tex/latex/amsmath/amsbsy.sty
Package: amsbsy 1999/11/29 v1.2d Bold Symbols
\pmbraise@=\dimen166
)
(/usr/local/texlive/2022/texmf-dist/tex/latex/amsmath/amsopn.sty
Package: amsopn 2021/08/26 v2.02 operator names
)
\inf@bad=\count299
LaTeX Info: Redefining \frac on input line 234.
\uproot@=\count300
\leftroot@=\count301
LaTeX Info: Redefining \overline on input line 399.
\classnum@=\count302
\DOTSCASE@=\count303
LaTeX Info: Redefining \ldots on input line 496.
LaTeX Info: Redefining \dots on input line 499.
LaTeX Info: Redefining \cdots on input line 620.
\Mathstrutbox@=\box65
\strutbox@=\box66
\big@size=\dimen167
LaTeX Font Info:    Redeclaring font encoding OML on input line 743.
LaTeX Font Info:    Redeclaring font encoding OMS on input line 744.
\macc@depth=\count304
\c@MaxMatrixCols=\count305
\dotsspace@=\muskip17
\c@parentequation=\count306
\dspbrk@lvl=\count307
\tag@help=\toks30
\row@=\count308
\column@=\count309
\maxfields@=\count310
\andhelp@=\toks31
\eqnshift@=\dimen168
\alignsep@=\dimen169
\tagshift@=\dimen170
\tagwidth@=\dimen171
\totwidth@=\dimen172
\lineht@=\dimen173
\@envbody=\toks32
\multlinegap=\skip63
\multlinetaggap=\skip64
\mathdisplay@stack=\toks33
LaTeX Info: Redefining \[ on input line 2938.
LaTeX Info: Redefining \] on input line 2939.
)
(/usr/local/texlive/2022/texmf-dist/tex/latex/paralist/paralist.sty
Package: paralist 2017/01/22 v2.7 Extended list environments
\pltopsep=\skip65
\plpartopsep=\skip66
\plitemsep=\skip67
\plparsep=\skip68
\pl@lab=\toks34
)
(/usr/local/texlive/2022/texmf-dist/tex/latex/ctex/ctex.sty
(/usr/local/texlive/2022/texmf-dist/tex/latex/l3kernel/expl3.sty
Package: expl3 2022-02-24 L3 programming layer (loader) 

(/usr/local/texlive/2022/texmf-dist/tex/latex/l3backend/l3backend-xetex.def
File: l3backend-xetex.def 2022-02-07 L3 backend support: XeTeX

(|extractbb --version)
\c__kernel_sys_dvipdfmx_version_int=\count311
\l__color_backend_stack_int=\count312
\g__color_backend_stack_int=\count313
\g__graphics_track_int=\count314
\l__pdf_internal_box=\box67
\g__pdf_backend_object_int=\count315
\g__pdf_backend_annotation_int=\count316
\g__pdf_backend_link_int=\count317
))
Package: ctex 2021/12/12 v2.5.8 Chinese adapter in LaTeX (CTEX)

(/usr/local/texlive/2022/texmf-dist/tex/latex/l3packages/xparse/xparse.sty
Package: xparse 2022-01-12 L3 Experimental document command parser
)
(/usr/local/texlive/2022/texmf-dist/tex/latex/l3packages/l3keys2e/l3keys2e.sty
Package: l3keys2e 2022-01-12 LaTeX2e option processing using LaTeX3 keys
) (/usr/local/texlive/2022/texmf-dist/tex/latex/ctex/ctexhook.sty
Package: ctexhook 2021/12/12 v2.5.8 Document and package hooks (CTEX)
)
(/usr/local/texlive/2022/texmf-dist/tex/latex/ctex/ctexpatch.sty
Package: ctexpatch 2021/12/12 v2.5.8 Patching commands (CTEX)
)
(/usr/local/texlive/2022/texmf-dist/tex/latex/base/fix-cm.sty
Package: fix-cm 2020/11/24 v1.1t fixes to LaTeX

(/usr/local/texlive/2022/texmf-dist/tex/latex/base/ts1enc.def
File: ts1enc.def 2001/06/05 v3.0e (jk/car/fm) Standard LaTeX file
LaTeX Font Info:    Redeclaring font encoding TS1 on input line 47.
))
\l__ctex_tmp_int=\count318
\l__ctex_tmp_box=\box68
\l__ctex_tmp_dim=\dimen174
\g__ctex_section_depth_int=\count319
\g__ctex_font_size_int=\count320

(/usr/local/texlive/2022/texmf-dist/tex/latex/ctex/config/ctexopts.cfg
File: ctexopts.cfg 2021/12/12 v2.5.8 Option configuration file (CTEX)
)
(/usr/local/texlive/2022/texmf-dist/tex/latex/ctex/engine/ctex-engine-xetex.def
File: ctex-engine-xetex.def 2021/12/12 v2.5.8 XeLaTeX adapter (CTEX)
(/usr/local/texlive/2022/texmf-dist/tex/xelatex/xecjk/xeCJK.sty
Package: xeCJK 2021/12/12 v3.8.8 Typesetting CJK scripts with XeLaTeX

(/usr/local/texlive/2022/texmf-dist/tex/latex/l3packages/xtemplate/xtemplate.st
y
Package: xtemplate 2022-01-12 L3 Experimental prototype document functions
\l__xtemplate_tmp_dim=\dimen175
\l__xtemplate_tmp_int=\count321
\l__xtemplate_tmp_muskip=\muskip18
\l__xtemplate_tmp_skip=\skip69
)
\l__xeCJK_tmp_int=\count322
\l__xeCJK_tmp_box=\box69
\l__xeCJK_tmp_dim=\dimen176
\l__xeCJK_tmp_skip=\skip70
\g__xeCJK_space_factor_int=\count323
\l__xeCJK_begin_int=\count324
\l__xeCJK_end_int=\count325
\c__xeCJK_CJK_class_int=\XeTeXcharclass1
\c__xeCJK_FullLeft_class_int=\XeTeXcharclass2
\c__xeCJK_FullRight_class_int=\XeTeXcharclass3
\c__xeCJK_HalfLeft_class_int=\XeTeXcharclass4
\c__xeCJK_HalfRight_class_int=\XeTeXcharclass5
\c__xeCJK_NormalSpace_class_int=\XeTeXcharclass6
\c__xeCJK_CM_class_int=\XeTeXcharclass7
\c__xeCJK_HangulJamo_class_int=\XeTeXcharclass8
\l__xeCJK_last_skip=\skip71
\g__xeCJK_node_int=\count326
\c__xeCJK_CJK_node_dim=\dimen177
\c__xeCJK_CJK-space_node_dim=\dimen178
\c__xeCJK_default_node_dim=\dimen179
\c__xeCJK_default-space_node_dim=\dimen180
\c__xeCJK_CJK-widow_node_dim=\dimen181
\c__xeCJK_normalspace_node_dim=\dimen182
\l__xeCJK_ccglue_skip=\skip72
\l__xeCJK_ecglue_skip=\skip73
\l__xeCJK_punct_kern_skip=\skip74
\l__xeCJK_last_penalty_int=\count327
\l__xeCJK_last_bound_dim=\dimen183
\l__xeCJK_last_kern_dim=\dimen184
\l__xeCJK_widow_penalty_int=\count328

Package xtemplate Info: Declaring object type 'xeCJK/punctuation' taking 0
(xtemplate)             argument(s) on line 2337.

\l__xeCJK_fixed_punct_width_dim=\dimen185
\l__xeCJK_mixed_punct_width_dim=\dimen186
\l__xeCJK_middle_punct_width_dim=\dimen187
\l__xeCJK_fixed_margin_width_dim=\dimen188
\l__xeCJK_mixed_margin_width_dim=\dimen189
\l__xeCJK_middle_margin_width_dim=\dimen190
\l__xeCJK_bound_punct_width_dim=\dimen191
\l__xeCJK_bound_margin_width_dim=\dimen192
\l__xeCJK_margin_minimum_dim=\dimen193
\l__xeCJK_kerning_total_width_dim=\dimen194
\l__xeCJK_same_align_margin_dim=\dimen195
\l__xeCJK_different_align_margin_dim=\dimen196
\l__xeCJK_kerning_margin_width_dim=\dimen197
\l__xeCJK_kerning_margin_minimum_dim=\dimen198
\l__xeCJK_bound_dim=\dimen199
\l__xeCJK_reverse_bound_dim=\dimen256
\l__xeCJK_margin_dim=\dimen257
\l__xeCJK_minimum_bound_dim=\dimen258
\l__xeCJK_kerning_margin_dim=\dimen259
\g__xeCJK_family_int=\count329
\l__xeCJK_fam_int=\count330
\g__xeCJK_fam_allocation_int=\count331
\l__xeCJK_verb_case_int=\count332
\l__xeCJK_verb_exspace_skip=\skip75
 (/usr/local/texlive/2022/texmf-dist/tex/latex/fontspec/fontspec.sty
Package: fontspec 2022/01/15 v2.8a Font selection for XeLaTeX and LuaLaTeX

(/usr/local/texlive/2022/texmf-dist/tex/latex/fontspec/fontspec-xetex.sty
Package: fontspec-xetex 2022/01/15 v2.8a Font selection for XeLaTeX and LuaLaTe
X
\l__fontspec_script_int=\count333
\l__fontspec_language_int=\count334
\l__fontspec_strnum_int=\count335
\l__fontspec_tmp_int=\count336
\l__fontspec_tmpa_int=\count337
\l__fontspec_tmpb_int=\count338
\l__fontspec_tmpc_int=\count339
\l__fontspec_em_int=\count340
\l__fontspec_emdef_int=\count341
\l__fontspec_strong_int=\count342
\l__fontspec_strongdef_int=\count343
\l__fontspec_tmpa_dim=\dimen260
\l__fontspec_tmpb_dim=\dimen261
\l__fontspec_tmpc_dim=\dimen262

(/usr/local/texlive/2022/texmf-dist/tex/latex/base/fontenc.sty
Package: fontenc 2021/04/29 v2.0v Standard LaTeX package
)
(/usr/local/texlive/2022/texmf-dist/tex/latex/fontspec/fontspec.cfg)))
(/usr/local/texlive/2022/texmf-dist/tex/xelatex/xecjk/xeCJK-listings.sty
Package: xeCJK-listings 2021/12/12 v3.8.8 xeCJK patch file for listings
\l__xeCJK_listings_max_char_int=\count344
\l__xeCJK_listings_flag_int=\count345
)
(/usr/local/texlive/2022/texmf-dist/tex/xelatex/xecjk/xeCJK.cfg
File: xeCJK.cfg 2021/12/12 v3.8.8 Configuration file for xeCJK package
))
\ccwd=\dimen263
\l__ctex_ccglue_skip=\skip76
)
\l__ctex_ziju_dim=\dimen264

(/usr/local/texlive/2022/texmf-dist/tex/latex/zhnumber/zhnumber.sty
Package: zhnumber 2020/05/01 v2.8 Typesetting numbers with Chinese glyphs
\l__zhnum_scale_int=\count346

(/usr/local/texlive/2022/texmf-dist/tex/latex/zhnumber/zhnumber-utf8.cfg
File: zhnumber-utf8.cfg 2020/05/01 v2.8 Chinese numerals with UTF8 encoding
))
(/usr/local/texlive/2022/texmf-dist/tex/latex/ctex/heading/ctex-heading-book.de
f
File: ctex-book.def 2021/12/12 v2.5.8 Heading modification for book (CTEX)
\l__ctex_heading_skip=\skip77

(/usr/local/texlive/2022/texmf-dist/tex/latex/ctex/scheme/ctex-scheme-chinese-b
ook.def
File: ctex-scheme-chinese-book.def 2021/12/12 v2.5.8 Chinese scheme for book (C
TEX)

(/usr/local/texlive/2022/texmf-dist/tex/latex/ctex/config/ctex-name-utf8.cfg
File: ctex-name-utf8.cfg 2021/12/12 v2.5.8 Caption with encoding UTF-8 (CTEX)
)))
(/usr/local/texlive/2022/texmf-dist/tex/latex/ctex/fontset/ctex-fontset-mac.def
File: ctex-fontset-mac.def 2021/12/12 v2.5.8 macOS fonts definition (CTEX)

(/usr/local/texlive/2022/texmf-dist/tex/latex/ctex/fontset/ctex-fontset-macnew.
def
File: ctex-fontset-macnew.def 2021/12/12 v2.5.8 macOS fonts definition for El C
apitan or later version (CTEX)


Package fontspec Warning: Font "Songti SC Light" does not contain requested
(fontspec)                Script "CJK".


Package fontspec Info: Font family 'SongtiSCLight(0)' created for font 'Songti
(fontspec)             SC Light' with options
(fontspec)             [Script={CJK},BoldItalicFont={Kaiti SC
(fontspec)             Bold},BoldFont={Songti SC Bold},ItalicFont={Kaiti SC}].
(fontspec)              
(fontspec)              This font family consists of the following NFSS
(fontspec)             series/shapes:
(fontspec)              
(fontspec)             - 'normal' (m/n) with NFSS spec.: <->"Songti SC
(fontspec)             Light/OT:language=dflt;"
(fontspec)             - 'small caps'  (m/sc) with NFSS spec.: 
(fontspec)             - 'bold' (b/n) with NFSS spec.: <->"Songti SC
(fontspec)             Bold/OT:language=dflt;"
(fontspec)             - 'bold small caps'  (b/sc) with NFSS spec.: 
(fontspec)             - 'italic' (m/it) with NFSS spec.: <->"Kaiti
(fontspec)             SC/OT:language=dflt;"
(fontspec)             - 'italic small caps'  (m/scit) with NFSS spec.: 
(fontspec)             - 'bold italic' (b/it) with NFSS spec.: <->"Kaiti SC
(fontspec)             Bold/OT:language=dflt;"
(fontspec)             - 'bold italic small caps'  (b/scit) with NFSS spec.: 

))) (/usr/local/texlive/2022/texmf-dist/tex/latex/ctex/config/ctex.cfg
File: ctex.cfg 2021/12/12 v2.5.8 Configuration file (CTEX)
)
(/usr/local/texlive/2022/texmf-dist/tex/latex/tools/indentfirst.sty
Package: indentfirst 1995/11/23 v1.03 Indent first paragraph (DPC)
)
\savedwidth=\skip78
\enitdp@tightlist=\count347


Package array Warning: Column W is already defined on input line 124.

) (./riscv-privileged.aux

LaTeX Warning: Label `stvec-mode' multiply defined.


LaTeX Warning: Label `sipreg' multiply defined.


LaTeX Warning: Label `siereg' multiply defined.


LaTeX Warning: Label `sipreg-standard' multiply defined.


LaTeX Warning: Label `siereg-standard' multiply defined.


LaTeX Warning: Label `scounteren' multiply defined.


LaTeX Warning: Label `kregs' multiply defined.


LaTeX Warning: Label `epcreg' multiply defined.


LaTeX Warning: Label `scausereg' multiply defined.


LaTeX Warning: Label `scauses' multiply defined.


LaTeX Warning: Label `stvalreg' multiply defined.


LaTeX Warning: Label `fig:senvcfg' multiply defined.


LaTeX Warning: Label `tab:senvcfg-FIOM' multiply defined.


LaTeX Warning: Label `rv32satp' multiply defined.


LaTeX Warning: Label `rv64satp' multiply defined.


LaTeX Warning: Label `tab:satp-mode' multiply defined.


LaTeX Warning: Label `sv32va' multiply defined.


LaTeX Warning: Label `rv32va' multiply defined.


LaTeX Warning: Label `sv32pte' multiply defined.


LaTeX Warning: Label `pteperm' multiply defined.


LaTeX Warning: Label `sv39va' multiply defined.


LaTeX Warning: Label `sv39pa' multiply defined.


LaTeX Warning: Label `sv39pte' multiply defined.


LaTeX Warning: Label `sv48va' multiply defined.


LaTeX Warning: Label `sv48pa' multiply defined.


LaTeX Warning: Label `sv48pte' multiply defined.


LaTeX Warning: Label `sv57va' multiply defined.


LaTeX Warning: Label `sv57pa' multiply defined.


LaTeX Warning: Label `sv57pte' multiply defined.


LaTeX Warning: Label `pbmt' multiply defined.

)
\openout1 = `riscv-privileged.aux'.

LaTeX Font Info:    Checking defaults for OML/cmm/m/it on input line 19.
LaTeX Font Info:    ... okay on input line 19.
LaTeX Font Info:    Checking defaults for OMS/cmsy/m/n on input line 19.
LaTeX Font Info:    ... okay on input line 19.
LaTeX Font Info:    Checking defaults for OT1/cmr/m/n on input line 19.
LaTeX Font Info:    ... okay on input line 19.
LaTeX Font Info:    Checking defaults for T1/cmr/m/n on input line 19.
LaTeX Font Info:    ... okay on input line 19.
LaTeX Font Info:    Checking defaults for TS1/cmr/m/n on input line 19.
LaTeX Font Info:    ... okay on input line 19.
LaTeX Font Info:    Checking defaults for TU/lmr/m/n on input line 19.
LaTeX Font Info:    ... okay on input line 19.
LaTeX Font Info:    Checking defaults for OMX/cmex/m/n on input line 19.
LaTeX Font Info:    ... okay on input line 19.
LaTeX Font Info:    Checking defaults for U/cmr/m/n on input line 19.
LaTeX Font Info:    ... okay on input line 19.
LaTeX Font Info:    Checking defaults for PD1/pdf/m/n on input line 19.
LaTeX Font Info:    ... okay on input line 19.
LaTeX Font Info:    Checking defaults for PU/pdf/m/n on input line 19.
LaTeX Font Info:    ... okay on input line 19.

*geometry* driver: auto-detecting
*geometry* detected driver: xetex
*geometry* verbose mode - [ preamble ] result:
* driver: xetex
* paper: <default>
* layout: <same size as paper>
* layoutoffset:(h,v)=(0.0pt,0.0pt)
* modes: twoside 
* h-part:(L,W,R)=(73.71613pt, 430.00462pt, 110.57425pt)
* v-part:(T,H,B)=(95.39737pt, 556.47656pt, 143.09605pt)
* \paperwidth=614.295pt
* \paperheight=794.96999pt
* \textwidth=469.75499pt
* \textheight=650.43pt
* \oddsidemargin=0.0pt
* \evensidemargin=0.0pt
* \topmargin=-36.135pt
* \headheight=12.0pt
* \headsep=19.8738pt
* \topskip=11.0pt
* \footskip=27.46295pt
* \marginparwidth=116.0pt
* \marginparsep=7.0pt
* \columnsep=10.0pt
* \skip\footins=10.0pt plus 4.0pt minus 2.0pt
* \hoffset=0.0pt
* \voffset=0.0pt
* \mag=1000
* \@twocolumnfalse
* \@twosidetrue
* \@mparswitchtrue
* \@reversemarginfalse
* (1in=72.27pt=25.4mm, 1cm=28.453pt)

Package hyperref Info: Link coloring ON on input line 19.
(/usr/local/texlive/2022/texmf-dist/tex/latex/hyperref/nameref.sty
Package: nameref 2021-04-02 v2.47 Cross-referencing by name of section

(/usr/local/texlive/2022/texmf-dist/tex/latex/refcount/refcount.sty
Package: refcount 2019/12/15 v3.6 Data extraction from label references (HO)
)
(/usr/local/texlive/2022/texmf-dist/tex/generic/gettitlestring/gettitlestring.s
ty
Package: gettitlestring 2019/12/15 v1.6 Cleanup title references (HO)
)
\c@section@level=\count348
)
LaTeX Info: Redefining \ref on input line 19.
LaTeX Info: Redefining \pageref on input line 19.
LaTeX Info: Redefining \nameref on input line 19.
 (./riscv-privileged.out) (./riscv-privileged.out)
\@outlinefile=\write4
\openout4 = `riscv-privileged.out'.

\c@lstlisting=\count349

Package fontspec Info: Adjusting the maths setup (use [no-math] to avoid
(fontspec)             this).

\symlegacymaths=\mathgroup4
LaTeX Font Info:    Overwriting symbol font `legacymaths' in version `bold'
(Font)                  OT1/cmr/m/n --> OT1/cmr/bx/n on input line 19.
LaTeX Font Info:    Redeclaring math accent \acute on input line 19.
LaTeX Font Info:    Redeclaring math accent \grave on input line 19.
LaTeX Font Info:    Redeclaring math accent \ddot on input line 19.
LaTeX Font Info:    Redeclaring math accent \tilde on input line 19.
LaTeX Font Info:    Redeclaring math accent \bar on input line 19.
LaTeX Font Info:    Redeclaring math accent \breve on input line 19.
LaTeX Font Info:    Redeclaring math accent \check on input line 19.
LaTeX Font Info:    Redeclaring math accent \hat on input line 19.
LaTeX Font Info:    Redeclaring math accent \dot on input line 19.
LaTeX Font Info:    Redeclaring math accent \mathring on input line 19.
LaTeX Font Info:    Redeclaring math symbol \Gamma on input line 19.
LaTeX Font Info:    Redeclaring math symbol \Delta on input line 19.
LaTeX Font Info:    Redeclaring math symbol \Theta on input line 19.
LaTeX Font Info:    Redeclaring math symbol \Lambda on input line 19.
LaTeX Font Info:    Redeclaring math symbol \Xi on input line 19.
LaTeX Font Info:    Redeclaring math symbol \Pi on input line 19.
LaTeX Font Info:    Redeclaring math symbol \Sigma on input line 19.
LaTeX Font Info:    Redeclaring math symbol \Upsilon on input line 19.
LaTeX Font Info:    Redeclaring math symbol \Phi on input line 19.
LaTeX Font Info:    Redeclaring math symbol \Psi on input line 19.
LaTeX Font Info:    Redeclaring math symbol \Omega on input line 19.
LaTeX Font Info:    Redeclaring math symbol \mathdollar on input line 19.
LaTeX Font Info:    Redeclaring symbol font `operators' on input line 19.
LaTeX Font Info:    Encoding `OT1' has changed to `TU' for symbol font
(Font)              `operators' in the math version `normal' on input line 19.
LaTeX Font Info:    Overwriting symbol font `operators' in version `normal'
(Font)                  OT1/cmr/m/n --> TU/lmr/m/n on input line 19.
LaTeX Font Info:    Encoding `OT1' has changed to `TU' for symbol font
(Font)              `operators' in the math version `bold' on input line 19.
LaTeX Font Info:    Overwriting symbol font `operators' in version `bold'
(Font)                  OT1/cmr/bx/n --> TU/lmr/m/n on input line 19.
LaTeX Font Info:    Overwriting symbol font `operators' in version `normal'
(Font)                  TU/lmr/m/n --> TU/lmr/m/n on input line 19.
LaTeX Font Info:    Overwriting math alphabet `\mathit' in version `normal'
(Font)                  OT1/cmr/m/it --> TU/lmr/m/it on input line 19.
LaTeX Font Info:    Overwriting math alphabet `\mathbf' in version `normal'
(Font)                  OT1/cmr/bx/n --> TU/lmr/b/n on input line 19.
LaTeX Font Info:    Overwriting math alphabet `\mathsf' in version `normal'
(Font)                  OT1/cmss/m/n --> TU/lmss/m/n on input line 19.
LaTeX Font Info:    Overwriting math alphabet `\mathtt' in version `normal'
(Font)                  OT1/cmtt/m/n --> TU/lmtt/m/n on input line 19.
LaTeX Font Info:    Overwriting symbol font `operators' in version `bold'
(Font)                  TU/lmr/m/n --> TU/lmr/b/n on input line 19.
LaTeX Font Info:    Overwriting math alphabet `\mathit' in version `bold'
(Font)                  OT1/cmr/bx/it --> TU/lmr/b/it on input line 19.
LaTeX Font Info:    Overwriting math alphabet `\mathsf' in version `bold'
(Font)                  OT1/cmss/bx/n --> TU/lmss/b/n on input line 19.
LaTeX Font Info:    Overwriting math alphabet `\mathtt' in version `bold'
(Font)                  OT1/cmtt/m/n --> TU/lmtt/b/n on input line 19.


Package fontspec Warning: Font "STFangsong" does not contain requested Script
(fontspec)                "CJK".


Package fontspec Info: Could not resolve font "STFangsong/BI" (it probably
(fontspec)             doesn't exist).


Package fontspec Info: Could not resolve font "STFangsong/B" (it probably
(fontspec)             doesn't exist).


Package fontspec Info: Could not resolve font "STFangsong/I" (it probably
(fontspec)             doesn't exist).


Package fontspec Info: Font family 'STFangsong(0)' created for font
(fontspec)             'STFangsong' with options [Script={CJK}].
(fontspec)              
(fontspec)              This font family consists of the following NFSS
(fontspec)             series/shapes:
(fontspec)              
(fontspec)             - 'normal' (m/n) with NFSS spec.:
(fontspec)             <->"STFangsong/OT:language=dflt;"
(fontspec)             - 'small caps'  (m/sc) with NFSS spec.: 

[1


] [2] (../src/priv-preface.tex [1


] [2] [3] [4] [5]) [6]
(./riscv-privileged.toc [7

] [8] [9] [10] [11] [12])
\tf@toc=\write5
\openout5 = `riscv-privileged.toc'.

 [13] [14

]
(../src/priv-intro.tex
第一章
[1

]
File: figs/privimps.pdf Graphic file (type pdf)
<use figs/privimps.pdf>
 [2] [3] [4]
Missing character: There is no 📈 (U+1F4C8) in font [lmroman10-regular]:mapping=
tex-text;!
[5]) (../src/priv-csrs.tex [6]
第二章
[7

]

LaTeX Warning: Float too large for page by 165.22195pt on input line 138.


LaTeX Warning: `!h' float specifier changed to `!ht'.

[8]
Overfull \hbox (25.75658pt too wide) in paragraph at lines 201--230
 [] 
 []


LaTeX Warning: Float too large for page by 118.5404pt on input line 401.

[9] [10] [11] [12] [13] [14] [15] [16

] [17]

LaTeX Font Warning: Font shape `TU/SongtiSCLight(0)/m/sc' undefined
(Font)              using `TU/SongtiSCLight(0)/m/n' instead on input line 561.


LaTeX Font Warning: Font shape `TU/lmr/m/scit' undefined
(Font)              using `TU/lmr/m/scsl' instead on input line 576.


LaTeX Font Warning: Font shape `TU/SongtiSCLight(0)/m/scsl' undefined
(Font)              using `TU/SongtiSCLight(0)/m/n' instead on input line 576.


LaTeX Font Warning: Font shape `TU/lmr/m/scit' undefined
(Font)              using `TU/lmr/m/scsl' instead on input line 581.


LaTeX Font Warning: Font shape `TU/lmr/m/scit' undefined
(Font)              using `TU/lmr/m/scsl' instead on input line 591.


LaTeX Font Warning: Font shape `TU/lmr/m/scit' undefined
(Font)              using `TU/lmr/m/scsl' instead on input line 596.

[18]) (../src/machine.tex [19] [20]
第三章

LaTeX Warning: `!h' float specifier changed to `!ht'.

[21

] [22] [23] [24] [25]

LaTeX Warning: Reference `mstatusreg- RV32' on page 26 undefined on input line 
519.

[26] [27] [28]

LaTeX Warning: Reference `XLEN -control' on page 29 undefined on input line 957
.

[29] [30]

LaTeX Warning: Reference `WFI' on page 31 undefined on input line 1163.

[31] [32] [33]

LaTeX Warning: `!h' float specifier changed to `!ht'.

[34] [35] [36]

LaTeX Warning: Reference `mcause' on page 37 undefined on input line 1857.


LaTeX Warning: Reference `mcause' on page 37 undefined on input line 1857.

[37]

LaTeX Warning: `!h' float specifier changed to `!ht'.

[38]
Underfull \hbox (badness 1270) in paragraph at lines 2171--2177
\TU/SongtiSCLight(0)/m/it/10 果 执 行 []，|  \TU/lmr/m/it/10 tt t0[9] \TU/SongtiSCL
ight(0)/m/it/10 用 []，|  则 \TU/lmtt/m/n/10 B \TU/SongtiSCLight(0)/m/it/10 写 成 []
。|  如 果
 []

[39]

LaTeX Warning: `!h' float specifier changed to `!ht'.

[40] [41] [42] [43]

LaTeX Warning: Float too large for page by 23.06358pt on input line 2782.

[44] [45] [46] [47]

LaTeX Font Warning: Font shape `TU/STFangsong(0)/m/it' undefined
(Font)              using `TU/STFangsong(0)/m/n' instead on input line 3038.

LaTeX Font Info:    Font shape `TU/lmtt/bx/n' in size <10.95> not available
(Font)              Font shape `TU/lmtt/b/n' tried instead on input line 3061.
[48]

LaTeX Warning: `!h' float specifier changed to `!ht'.


Underfull \hbox (badness 3780) in paragraph at lines 3229--3231
\TU/lmtt/m/n/10 menvcfg \TU/STFangsong(0)/m/n/10 中 需 要 \TU/lmtt/m/it/10 FIOM \T
U/STFangsong(0)/m/n/10 位，|  因 此 \TU/lmtt/m/it/10 m \TU/STFangsong(0)/m/n/10 模 式
 可 以 模 拟 \TU/lmtt/m/it/10 Chapter [][]\TU/STFangsong(0)/m/n/10 八[][]的 \TU/lmtt/
m/it/10 hypervisor \TU/STFangsong(0)/m/n/10 扩 展，|  它 在
 []

[49]
Underfull \hbox (badness 4429) in paragraph at lines 3283--3286
\TU/lmtt/m/n/10.95 MXLEN=32 \TU/STFangsong(0)/m/n/10.95 时，| \TU/lmtt/m/n/10.95 
menvcfgh \TU/STFangsong(0)/m/n/10.95 是 一 个 \TU/lmtt/m/n/10.95 32 \TU/STFangsong
(0)/m/n/10.95 位 的 读\TU/lmtt/m/n/10.95 /\TU/STFangsong(0)/m/n/10.95 写 寄 存 器，|  它
 包 含 与 \TU/lmtt/m/n/10.95 MXLEN=64 \TU/STFangsong(0)/m/n/10.95 时 \TU/lmtt/m/n/1
0.95 menvcfg \TU/STFangsong(0)/m/n/10.95 的
 []

[50] [51] [52]

LaTeX Warning: Reference `virt control' on page 53 undefined on input line 3648
.

[53]
Underfull \hbox (badness 10000) in paragraph at lines 3671--3675
[]\TU/lmtt/m/n/10.95 If an enabled interrupt is present or later becomes presen
t while the hart is
 []


Underfull \hbox (badness 10000) in paragraph at lines 3671--3675
\TU/lmtt/m/n/10.95 stalled, the interrupt trap will be taken on the following i
nstruction, i.e.,
 []

[54]
Underfull \hbox (badness 1107) in paragraph at lines 3782--3784
[]\TU/STFangsong(0)/m/n/10.95 图 [][]\TU/lmtt/m/n/10.95 3.30[][]\TU/STFangsong(0
)/m/n/10.95 中 所 示 的 \TU/lmtt/m/n/10.95 SYSTEM \TU/STFangsong(0)/m/n/10.95 主 操 作
 码 的 子 空 间 被 指 定 用 于 自 定 义 用 途。|  建 议 这 些 指 令 与 其 他
 []

[55] [56] [57]

LaTeX Warning: `!h' float specifier changed to `!ht'.

[58] [59] [60] [61]

LaTeX Warning: Reference `sec:PMA' on page 62 undefined on input line 4545.

[62]
Underfull \hbox (badness 1924) in paragraph at lines 4631--4633
\TU/lmtt/m/it/10 RV64 \TU/STFangsong(0)/m/n/10 系 统 使 用 \TU/lmtt/m/n/10 pmpcfg2 
\TU/STFangsong(0)/m/n/10 而 不 是 \TU/lmtt/m/n/10 pmpcfg1 \TU/STFangsong(0)/m/n/10
 来 保 存 \TU/lmtt/m/it/10 PMP \TU/STFangsong(0)/m/n/10 条 目 \TU/lmtt/m/it/10 8-15 
\TU/STFangsong(0)/m/n/10 的 配 置。|  这 种 设 计 降 低
 []


Underfull \hbox (badness 1755) in paragraph at lines 4631--4633
\TU/STFangsong(0)/m/n/10 了 支 持 多 个 \TU/lmtt/m/it/10 MXLEN \TU/STFangsong(0)/m/n
/10 值 的 成 本，|  因 为 对 于 \TU/lmtt/m/it/10 RV32 \TU/STFangsong(0)/m/n/10 和 \TU/lmt
t/m/it/10 RV64\TU/STFangsong(0)/m/n/10 ，| \TU/lmtt/m/it/10 PMP \TU/STFangsong(0
)/m/n/10 条 目 \TU/lmtt/m/it/10 8-11 \TU/STFangsong(0)/m/n/10 的 配 置 都 出 现 在
 []


LaTeX Warning: `!h' float specifier changed to `!ht'.


Overfull \hbox (2.32089pt too wide) in paragraph at lines 4689--4754
 [] 
 []


LaTeX Warning: `!h' float specifier changed to `!ht'.


LaTeX Warning: Reference `sec:Sv48' on page 63 undefined on input line 4783.


LaTeX Warning: `!h' float specifier changed to `!ht'.


LaTeX Warning: `!h' float specifier changed to `!ht'.

[63]

LaTeX Warning: `!h' float specifier changed to `!ht'.

[64]
Underfull \hbox (badness 4454) in paragraph at lines 4884--4888
[]\TU/STFangsong(0)/m/it/10.95 如 果 更 改 了 \TU/lmtt/m/n/10.95 MXLEN\TU/STFangsong
(0)/m/it/10.95 ，| \TU/lmtt/m/n/10.95 pmp\TU/lmtt/m/it/10.95 x\TU/lmtt/m/n/10.95
 cfg \TU/STFangsong(0)/m/it/10.95 字 段 的 内 容 将 保 留，|  但 会 出 现 在 由 \TU/lmtt/m/n/1
0.95 MXLEN \TU/STFangsong(0)/m/it/10.95 的 新 设 置 指 定 的
 []


Underfull \hbox (badness 10000) in paragraph at lines 4884--4888
\TU/lmtt/m/n/10.95 pmpcfg1[7:0]\TU/STFangsong(0)/m/it/10.95 。| \TU/lmtt/m/n/10.
95 pmpaddr CSRs follow the usual CSR width modulation rules described
 []


Underfull \hbox (badness 10000) in paragraph at lines 4920--4922
[]\TU/lmtt/m/n/10.95 NAPOT ranges make use of the low-order bits of the associa
ted address register to
 []


LaTeX Warning: `!h' float specifier changed to `!ht'.

[65] [66] [67]) (../src/supervisor.tex [68]
第四章
[69

]

LaTeX Warning: `!h' float specifier changed to `!ht'.

[70] [71] [72] [73] [74] [75]

LaTeX Warning: `!h' float specifier changed to `!ht'.


LaTeX Warning: `!h' float specifier changed to `!ht'.

[76] [77] [78] [79] [80]
Underfull \hbox (badness 3701) in paragraph at lines 905--907
[]\TU/lmtt/m/n/10 mcounteren \TU/SongtiSCLight(0)/m/it/10 中 位 的 设 置 不 影 响 \TU/l
mtt/m/n/10 scounteren \TU/SongtiSCLight(0)/m/it/10 中 对 应 的 位 是 否 可 写。|  然 而，|  
只 有 当
 []

[81]

LaTeX Warning: `!h' float specifier changed to `!ht'.

[82]

LaTeX Warning: `!h' float specifier changed to `!ht'.


LaTeX Warning: `!h' float specifier changed to `!ht'.

[83] [84] [85] [86]

LaTeX Warning: `!h' float specifier changed to `!ht'.


LaTeX Warning: `!h' float specifier changed to `!ht'.

[87]

LaTeX Warning: `!h' float specifier changed to `!ht'.

[88] [89]

LaTeX Warning: `!h' float specifier changed to `!ht'.


LaTeX Warning: `!h' float specifier changed to `!ht'.

[90]
Overfull \hbox (4.55539pt too wide) in paragraph at lines 1579--1590
 [] 
 []


Overfull \hbox (4.55539pt too wide) in paragraph at lines 1603--1614
 [] 
 []

[91] [92]

LaTeX Warning: `h' float specifier changed to `ht'.

[93] [94] [95] [96] [97] [98] [99] [100] [101] [102] [103] [104] [105] [106]
Underfull \hbox (badness 1024) in paragraph at lines 2586--2588
[]\TU/SongtiSCLight(0)/m/it/10 全 局 映 射 无 需 冗 余 存 储 在 多 个 \TU/lmr/m/it/10 ASID \
TU/SongtiSCLight(0)/m/it/10 的 地 址 转 换 缓 存 中。|  此 外，|  当 执 行 \TU/lmr/m/n/10 rs2$
\OMS/cmsy/m/n/10 6\OT1/cmr/m/n/10 =$\TU/lmtt/m/n/10 x0 \TU/SongtiSCLight(0)/m/i
t/10 的
 []

[107] [108] [109] [110] [111] [112] [113] [114]
Overfull \hbox (6.52151pt too wide) in paragraph at lines 3047--3082
 [] 
 []


LaTeX Warning: `!h' float specifier changed to `!ht'.


LaTeX Warning: `!h' float specifier changed to `!ht'.


Overfull \hbox (6.52151pt too wide) in paragraph at lines 3138--3173
 [] 
 []


LaTeX Warning: `!h' float specifier changed to `!ht'.

[115] [116] [117]
Overfull \hbox (4.55318pt too wide) in paragraph at lines 3310--3325
 [] 
 []


Overfull \hbox (12.76254pt too wide) in paragraph at lines 3335--3372
 [] 
 []


Overfull \hbox (4.55318pt too wide) in paragraph at lines 3407--3422
 [] 
 []


Overfull \hbox (12.76254pt too wide) in paragraph at lines 3432--3469
 [] 
 []


LaTeX Warning: `!h' float specifier changed to `!ht'.

[118] [119]
Overfull \hbox (4.55537pt too wide) in paragraph at lines 3538--3555
 [] 
 []


Overfull \hbox (4.55537pt too wide) in paragraph at lines 3649--3666
 [] 
 []


LaTeX Warning: `!h' float specifier changed to `!ht'.


LaTeX Warning: `!h' float specifier changed to `!ht'.

[120] [121] [122

]
第五章
[123]

LaTeX Warning: Reference `sec: sencevma' on page 124 undefined on input line 38
89.

[124]
第六章
[125

] [126] [127] [128]
第七章

Underfull \hbox (badness 2671) in paragraph at lines 4180--4185
[]\TU/lmr/m/n/10.95 The SINVAL.VMA instruction invalidates any address-translat
ion cache entries that an
 []


Overfull \hbox (4.77458pt too wide) in paragraph at lines 4210--4210
 []|\TU/lmr/m/n/10.95 SFENCE.W.INVAL| 
 []


Overfull \hbox (5.53012pt too wide) in paragraph at lines 4233--4233
 []|\TU/lmr/m/n/10.95 SFENCE.INVAL.IR| 
 []

[129

] [130]
Underfull \hbox (badness 1019) in paragraph at lines 4321--4324
[]\TU/SongtiSCLight(0)/m/n/10.95 如 果 实 现 了 管 理 程 序 扩 展，| \TU/lmr/m/n/10.95 Svin
val \TU/SongtiSCLight(0)/m/n/10.95 扩 展 还 提 供 了 两 条 附 加 指 令：| \TU/lmr/m/n/10.95 
HINVAL.VVMA \TU/SongtiSCLight(0)/m/n/10.95 和 \TU/lmr/m/n/10.95 HIN-
 []


Underfull \hbox (badness 1365) in paragraph at lines 4321--4324
\TU/SongtiSCLight(0)/m/n/10.95 和 \TU/lmr/m/n/10.95 SFENCE.INVAL.IR \TU/SongtiSC
Light(0)/m/n/10.95 结 合，|  并 分 别 替 换 \TU/lmr/m/n/10.95 HFENCE.VVMA \TU/SongtiSCL
ight(0)/m/n/10.95 和 \TU/lmr/m/n/10.95 HFENCE.GVMA\TU/SongtiSCLight(0)/m/n/10.95
 ，|  而 不 是
 []


Underfull \hbox (badness 10000) in paragraph at lines 4337--4343
[]\TU/lmr/m/n/10.95 SINVAL.VMA\TU/SongtiSCLight(0)/m/n/10.95 、| \TU/lmr/m/n/10.
95 HINVAL.VVMA \TU/SongtiSCLight(0)/m/n/10.95 和 \TU/lmr/m/n/10.95 HINVAL.GVMA \
TU/SongtiSCLight(0)/m/n/10.95 分 别 需 要 与 \TU/lmr/m/n/10.95 SFENCE.VMA\TU/SongtiS
CLight(0)/m/n/10.95 、|
 []


Underfull \hbox (badness 1132) in paragraph at lines 4337--4343
\TU/lmr/m/n/10.95 HFENCE.VVMA \TU/SongtiSCLight(0)/m/n/10.95 和 \TU/lmr/m/n/10.9
5 HFENCE.GVMA \TU/SongtiSCLight(0)/m/n/10.95 相 同 的 权 限 并 引 发 相 同 的 异 常。|  特 别 是
，|  尝 试 在 \TU/lmr/m/n/10.95 U
 []

[131]
Underfull \hbox (badness 10000) in paragraph at lines 4351--4354
[]\TU/SongtiSCLight(0)/m/it/10 当 \TU/lmtt/m/n/10 mstatus\TU/lmr/m/it/10 .TVM=1 
\TU/SongtiSCLight(0)/m/it/10 或 \TU/lmtt/m/n/10 hstatus\TU/lmr/m/it/10 .VTVM=1 \
TU/SongtiSCLight(0)/m/it/10 时，| \TU/lmr/m/it/10 SFENCE.W.INVAL \TU/SongtiSCLigh
t(0)/m/it/10 和
 []


Underfull \hbox (badness 2726) in paragraph at lines 4351--4354
\TU/lmr/m/it/10 SFENCE.INVALIR \TU/SongtiSCLight(0)/m/it/10 指 令 不 需 要 陷 阱 陷 入，|
  因 为 它 们 只 具 有 排 序 效 果，|  没 有 可 见 的 副 作
 []


Underfull \hbox (badness 1472) in paragraph at lines 4371--4374
\TU/SongtiSCLight(0)/m/it/10 水 线 暂 停 或 其 他 强 制 内 存 排 序，|  直 到 执 行 一 个 \TU/lmr/m
/it/10 SFENCE.W.INVAL\TU/SongtiSCLight(0)/m/it/10 、| \TU/lmr/m/it/10 SFENCE.INV
AL.IR\TU/SongtiSCLight(0)/m/it/10 、|
 []

) (../src/hypervisor.tex [132]
第八章
[133

] [134] [135] [136] [137]

LaTeX Warning: `!h' float specifier changed to `!ht'.

[138] [139]

LaTeX Warning: `!h' float specifier changed to `!ht'.


LaTeX Warning: `!h' float specifier changed to `!ht'.

[140]

LaTeX Warning: `!h' float specifier changed to `!ht'.


LaTeX Warning: `!h' float specifier changed to `!ht'.

[141] [142] [143] [144]

LaTeX Warning: Reference `sec: PMP' on page 145 undefined on input line 1308.

[145]
Underfull \hbox (badness 1270) in paragraph at lines 1384--1401
[]\TU/lmtt/m/n/10.95 hgatp \TU/SongtiSCLight(0)/m/n/10.95 寄 存 器 是 一 个 \TU/lmr/m
/n/10.95 HSXLEN \TU/SongtiSCLight(0)/m/n/10.95 位 读\TU/lmr/m/n/10.95 /\TU/Songti
SCLight(0)/m/n/10.95 写 寄 存 器，|  其 \TU/lmr/m/n/10.95 HSXLEN=32 \TU/SongtiSCLight
(0)/m/n/10.95 格 式 如 图 [][]\TU/lmr/m/n/10.95 8.19[][]\TU/SongtiSCLight(0)/m/n/10
.95 所 示，|  其
 []

[146] [147] [148]

LaTeX Warning: `!h' float specifier changed to `!ht'.

[149] [150] [151]
Overfull \hbox (10.85367pt too wide) in paragraph at lines 2153--2164
 [] 
 []

[152]
Underfull \hbox (badness 1748) in paragraph at lines 2239--2257
[]\TU/SongtiSCLight(0)/m/n/10.95 超 级 监 管 器 虚 拟 机 加 载 和 存 储 指 令 仅 在 \TU/lmr/m/n/
10.95 M \TU/SongtiSCLight(0)/m/n/10.95 模 式 或 \TU/lmr/m/n/10.95 HS \TU/SongtiSCL
ight(0)/m/n/10.95 模 式 下 有 效，|  或 在 \TU/lmr/m/n/10.95 U \TU/SongtiSCLight(0)/m/n
/10.95 模 式 下 当
 []

[153] [154] [155] [156]

LaTeX Warning: `!h' float specifier changed to `!ht'.

[157] [158] [159] [160]
Overfull \hbox (4.55318pt too wide) in paragraph at lines 3152--3167
 [] 
 []


LaTeX Warning: `!h' float specifier changed to `!ht'.

[161] [162] [163]
Overfull \hbox (31.00795pt too wide) in paragraph at lines 3416--3462
 [] 
 []


LaTeX Warning: Float too large for page by 111.70815pt on input line 3468.

[164] [165] [166]
Overfull \hbox (229.26862pt too wide) in paragraph at lines 3642--3678
 [] 
 []

[167]

LaTeX Warning: `!h' float specifier changed to `!ht'.

[168] [169]

LaTeX Warning: Reference `tab:tinstt-values' on page 170 undefined on input lin
e 3929.


LaTeX Warning: `!h' float specifier changed to `!ht'.

[170]

LaTeX Warning: Reference `transformmedloadinst' on page 171 undefined on input 
line 3999.


LaTeX Warning: Reference `transformmedstoreinst' on page 171 undefined on input
 line 4036.


LaTeX Warning: `!h' float specifier changed to `!ht'.


LaTeX Warning: Reference `transformmetomicinst' on page 171 undefined on input 
line 4072.


LaTeX Warning: `!h' float specifier changed to `!ht'.


LaTeX Warning: `!h' float specifier changed to `!ht'.

[171] [172] [173]) (../src/priv-insns.tex [174]
第九章
(../src/priv-instr-table.tex [175

]
Overfull \hbox (4.8823pt too wide) in paragraph at lines 12--12
[]|[]| 
 []


Overfull \hbox (4.8823pt too wide) in paragraph at lines 13--13
[]|[]| 
 []


Overfull \hbox (10.71071pt too wide) in paragraph at lines 7--346
 [] 
 []


LaTeX Warning: Float too large for page by 39.17339pt on input line 351.

)) (../src/priv-history.tex [176]
第十章
) (./riscv-privileged.bbl [177

] [178

]) [179] (./riscv-privileged.aux)

LaTeX Font Warning: Some font shapes were not available, defaults substituted.


LaTeX Warning: There were undefined references.


LaTeX Warning: There were multiply-defined labels.

Package rerunfilecheck Info: File `riscv-privileged.out' has not changed.
(rerunfilecheck)             Checksum: 3CC36A0D213F9CA4A821D2E75269A3FE;31496.
 ) 
Here is how much of TeX's memory you used:
 19950 strings out of 476179
 456965 string characters out of 5809545
 840362 words of memory out of 5000000
 40305 multiletter control sequences out of 15000+600000
 478472 words of font info for 119 fonts, out of 8000000 for 9000
 1348 hyphenation exceptions out of 8191
 94i,14n,100p,599b,753s stack positions out of 10000i,1000n,20000p,200000b,200000s

Output written on riscv-privileged.pdf (195 pages).
