\BOOKMARK [0][-]{Doc-Start}{\376\377\122\115\212\000}{}% 1
\BOOKMARK [0][-]{chapter.1}{\376\377\116\313\176\315}{}% 2
\BOOKMARK [1][-]{section.1.1}{\376\377\000R\000I\000S\000C\000-\000V\170\154\116\366\136\163\123\360\147\057\213\355}{chapter.1}% 3
\BOOKMARK [1][-]{section.1.2}{\376\377\000R\000I\000S\000C\000-\000V\217\157\116\366\142\147\210\114\163\257\130\203\124\214\170\154\116\366\176\277\172\013}{chapter.1}% 4
\BOOKMARK [1][-]{section.1.3}{\376\377\000R\000I\000S\000C\000-\000V\000\040\000I\000S\000A\000\040\151\202\211\310}{chapter.1}% 5
\BOOKMARK [1][-]{section.1.4}{\376\377\121\205\133\130}{chapter.1}% 6
\BOOKMARK [1][-]{section.1.5}{\376\377\127\372\170\100\143\007\116\344\225\177\136\246\177\026\170\001}{chapter.1}% 7
\BOOKMARK [1][-]{section.1.6}{\376\377\137\002\136\070\060\001\226\167\121\145\124\214\116\055\145\255}{chapter.1}% 8
\BOOKMARK [1][-]{section.1.7}{\376\377\040\034\147\052\143\007\133\232\166\204\040\035\377\010\000U\000N\000S\000P\000E\000C\000I\000F\000I\000E\000D\377\011\210\114\116\072\124\214\120\074}{chapter.1}% 9
\BOOKMARK [0][-]{chapter.2}{\376\377\000R\000V\0003\0002\000I\000\040\127\372\170\100\145\164\145\160\143\007\116\344\226\306\377\014\0002\000.\0001\162\110\147\054}{}% 10
\BOOKMARK [1][-]{section.2.1}{\376\377\127\372\170\100\145\164\145\160\000\040\000I\000S\000A\000\040\166\204\177\026\172\013\152\041\127\213}{chapter.2}% 11
\BOOKMARK [1][-]{section.2.2}{\376\377\127\372\170\100\143\007\116\344\150\074\137\017}{chapter.2}% 12
\BOOKMARK [1][-]{section.2.3}{\376\377\172\313\123\163\145\160\177\026\170\001\123\330\221\317}{chapter.2}% 13
\BOOKMARK [1][-]{section.2.4}{\376\377\145\164\145\160\217\320\173\227\143\007\116\344}{chapter.2}% 14
\BOOKMARK [1][-]{section.2.5}{\376\377\143\247\122\066\217\154\171\373\143\007\116\344}{chapter.2}% 15
\BOOKMARK [1][-]{section.2.6}{\376\377\122\240\217\175\124\214\133\130\120\250\143\007\116\344}{chapter.2}% 16
\BOOKMARK [1][-]{section.2.7}{\376\377\121\205\133\130\143\222\136\217\143\007\116\344}{chapter.2}% 17
\BOOKMARK [1][-]{section.2.8}{\376\377\163\257\130\203\214\003\165\050\124\214\145\255\160\271}{chapter.2}% 18
\BOOKMARK [1][-]{section.2.9}{\376\377\040\034\143\320\171\072\040\035\143\007\116\344}{chapter.2}% 19
\BOOKMARK [0][-]{chapter.3}{\376\377\040\034\000Z\000i\000f\000e\000n\000c\000e\000i\040\035\143\007\116\344\203\267\123\326\134\117\226\234\377\010\0002\000.\0000\162\110\147\054\377\011}{}% 20
\BOOKMARK [0][-]{chapter.4}{\376\377\040\034\000Z\000i\000h\000i\000n\000t\000n\000t\000l\040\035\227\136\145\366\225\364\134\100\220\350\140\047\143\320\171\072\377\010\0000\000.\0002\162\110\147\054\377\011}{}% 21
\BOOKMARK [0][-]{chapter.5}{\376\377\040\034\000Z\000i\000h\000i\000n\000t\000p\000a\000u\000s\000e\040\035\146\202\120\134\143\320\171\072\377\010\0002\000.\0000\162\110\147\054\377\011}{}% 22
\BOOKMARK [0][-]{chapter.6}{\376\377\000R\000V\0003\0002\000E\124\214\000R\000V\0006\0004\000E\127\372\170\100\145\164\145\160\143\007\116\344\226\306\377\010\0001\000.\0009\0005\162\110\147\054\377\011}{}% 23
\BOOKMARK [1][-]{section.6.1}{\376\377\000R\000V\0003\0002\000E\124\214\000R\000V\0006\0004\000E\177\026\172\013\152\041\127\213}{chapter.6}% 24
\BOOKMARK [1][-]{section.6.2}{\376\377\000R\000V\0003\0002\000E\124\214\000R\000V\0006\0004\000E\143\007\116\344\226\306\177\026\170\001}{chapter.6}% 25
\BOOKMARK [0][-]{chapter.7}{\376\377\000R\000V\0006\0004\000I\127\372\170\100\145\164\145\160\143\007\116\344\226\306\377\010\0002\000.\0001\162\110\147\054\377\011}{}% 26
\BOOKMARK [1][-]{section.7.1}{\376\377\133\304\133\130\126\150\162\266\140\001}{chapter.7}% 27
\BOOKMARK [1][-]{section.7.2}{\376\377\145\164\145\160\217\320\173\227\143\007\116\344}{chapter.7}% 28
\BOOKMARK [1][-]{section.7.3}{\376\377\122\240\217\175\124\214\133\130\120\250\143\007\116\344}{chapter.7}% 29
\BOOKMARK [1][-]{section.7.4}{\376\377\040\034\143\320\171\072\040\035\143\007\116\344}{chapter.7}% 30
\BOOKMARK [0][-]{chapter.8}{\376\377\000R\000V\0001\0002\0008\000I\127\372\170\100\145\164\145\160\143\007\116\344\226\306\377\010\0001\000.\0007\162\110\147\054\377\011}{}% 31
\BOOKMARK [0][-]{chapter.9}{\376\377\165\050\116\216\116\130\154\325\124\214\226\144\154\325\166\204\040\034\000M\040\035\150\007\121\306\142\151\134\125\377\010\0002\000.\0000\162\110\147\054\377\011}{}% 32
\BOOKMARK [1][-]{section.9.1}{\376\377\116\130\154\325\144\315\117\134}{chapter.9}% 33
\BOOKMARK [1][-]{section.9.2}{\376\377\226\144\154\325\144\315\117\134\000\040}{chapter.9}% 34
\BOOKMARK [1][-]{section.9.3}{\376\377\000Z\000m\000m\000u\000l\142\151\134\125\377\010\0001\000.\0000\162\110\147\054\377\011}{chapter.9}% 35
\BOOKMARK [0][-]{chapter.10}{\376\377\165\050\116\216\123\237\133\120\143\007\116\344\166\204\040\034\000A\040\035\150\007\121\306\142\151\134\125\377\010\0002\000.\0001\162\110\147\054\377\011}{}% 36
\BOOKMARK [1][-]{section.10.1}{\376\377\143\007\133\232\123\237\133\120\143\007\116\344\166\204\153\041\136\217}{chapter.10}% 37
\BOOKMARK [1][-]{section.10.2}{\376\377\122\240\217\175\000-\117\335\165\131\000/\133\130\120\250\000-\147\141\116\366\143\007\116\344}{chapter.10}% 38
\BOOKMARK [1][-]{section.10.3}{\376\377\133\130\120\250\000-\147\141\116\366\143\007\116\344\166\204\147\000\176\310\153\143\170\156\133\214\142\020}{chapter.10}% 39
\BOOKMARK [1][-]{section.10.4}{\376\377\123\237\133\120\121\205\133\130\144\315\117\134}{chapter.10}% 40
\BOOKMARK [0][-]{chapter.11}{\376\377\143\247\122\066\116\016\162\266\140\001\133\304\133\130\126\150\377\010\000C\000S\000R\377\011\143\007\116\344\040\034\000Z\000i\000c\000s\000r\040\035\377\010\0002\000.\0000\162\110\147\054\377\011}{}% 41
\BOOKMARK [1][-]{section.11.1}{\376\377\000C\000S\000R\143\007\116\344}{chapter.11}% 42
\BOOKMARK [0][-]{chapter.12}{\376\377\040\034\000Z\000i\000c\000n\000t\000r\040\035\124\214\040\034\000Z\000i\000h\000p\000m\040\035\213\241\145\160\126\150}{}% 43
\BOOKMARK [1][-]{section.12.1}{\376\377\165\050\116\216\127\372\170\100\213\241\145\160\126\150\124\214\213\241\145\366\126\150\166\204\040\034\000Z\000i\000c\000n\000t\000r\040\035\150\007\121\306\142\151\134\125}{chapter.12}% 44
\BOOKMARK [1][-]{section.12.2}{\376\377\165\050\116\216\170\154\116\366\140\047\200\375\213\241\145\160\126\150\166\204\040\034\000Z\000i\000h\000p\000m\040\035\150\007\121\306\142\151\134\125}{chapter.12}% 45
\BOOKMARK [0][-]{chapter.13}{\376\377\165\050\116\216\123\125\174\276\136\246\155\156\160\271\166\204\040\034\000F\040\035\150\007\121\306\142\151\134\125\377\010\0002\000.\0002\162\110\147\054\377\011}{}% 46
\BOOKMARK [1][-]{section.13.1}{\376\377\000F\133\304\133\130\126\150\162\266\140\001}{chapter.13}% 47
\BOOKMARK [1][-]{section.13.2}{\376\377\155\156\160\271\143\247\122\066\124\214\162\266\140\001\133\304\133\130\126\150}{chapter.13}% 48
\BOOKMARK [1][-]{section.13.3}{\376\377\000N\000a\000N\166\204\165\037\142\020\124\214\117\040\144\255}{chapter.13}% 49
\BOOKMARK [1][-]{section.13.4}{\376\377\116\232\153\143\136\070\173\227\154\325}{chapter.13}% 50
\BOOKMARK [1][-]{section.13.5}{\376\377\123\125\174\276\136\246\122\240\217\175\124\214\133\130\120\250\143\007\116\344}{chapter.13}% 51
\BOOKMARK [1][-]{section.13.6}{\376\377\123\125\174\276\136\246\155\156\160\271\217\320\173\227\143\007\116\344}{chapter.13}% 52
\BOOKMARK [1][-]{section.13.7}{\376\377\123\125\174\276\136\246\155\156\160\271\217\154\143\142\124\214\171\373\122\250\143\007\116\344}{chapter.13}% 53
\BOOKMARK [1][-]{section.13.8}{\376\377\123\125\174\276\136\246\155\156\160\271\153\324\217\203\143\007\116\344}{chapter.13}% 54
\BOOKMARK [1][-]{section.13.9}{\376\377\123\125\174\276\136\246\155\156\160\271\122\006\174\173\143\007\116\344}{chapter.13}% 55
\BOOKMARK [0][-]{chapter.14}{\376\377\165\050\116\216\123\314\174\276\136\246\155\156\160\271\166\204\040\034\000D\040\035\150\007\121\306\142\151\134\125\377\010\0002\000.\0002\162\110\147\054\377\011}{}% 56
\BOOKMARK [1][-]{section.14.1}{\376\377\000D\133\304\133\130\126\150\162\266\140\001}{chapter.14}% 57
\BOOKMARK [1][-]{section.14.2}{\376\377\217\203\172\204\120\074\166\204\000N\000a\000N\210\305\173\261}{chapter.14}% 58
\BOOKMARK [1][-]{section.14.3}{\376\377\123\314\174\276\136\246\122\240\217\175\124\214\133\130\120\250\143\007\116\344}{chapter.14}% 59
\BOOKMARK [1][-]{section.14.4}{\376\377\123\314\174\276\136\246\155\156\160\271\217\320\173\227\143\007\116\344}{chapter.14}% 60
\BOOKMARK [1][-]{section.14.5}{\376\377\123\314\174\276\136\246\155\156\160\271\217\154\143\142\124\214\171\373\122\250\143\007\116\344}{chapter.14}% 61
\BOOKMARK [1][-]{section.14.6}{\376\377\123\314\174\276\136\246\155\156\160\271\153\324\217\203\143\007\116\344}{chapter.14}% 62
\BOOKMARK [1][-]{section.14.7}{\376\377\123\314\174\276\136\246\155\156\160\271\122\006\174\173\143\007\116\344}{chapter.14}% 63
\BOOKMARK [0][-]{chapter.15}{\376\377\165\050\116\216\126\333\174\276\136\246\155\156\160\271\166\204\040\034\000Q\040\035\150\007\121\306\142\151\134\125\377\010\0002\000.\0002\162\110\147\054\377\011}{}% 64
\BOOKMARK [1][-]{section.15.1}{\376\377\126\333\174\276\136\246\122\240\217\175\124\214\133\130\120\250\143\007\116\344}{chapter.15}% 65
\BOOKMARK [1][-]{section.15.2}{\376\377\126\333\174\276\136\246\217\320\173\227\143\007\116\344}{chapter.15}% 66
\BOOKMARK [1][-]{section.15.3}{\376\377\126\333\174\276\136\246\217\154\143\142\124\214\171\373\122\250\143\007\116\344}{chapter.15}% 67
\BOOKMARK [1][-]{section.15.4}{\376\377\126\333\174\276\136\246\155\156\160\271\153\324\217\203\143\007\116\344}{chapter.15}% 68
\BOOKMARK [1][-]{section.15.5}{\376\377\126\333\174\276\136\246\155\156\160\271\122\006\174\173\143\007\116\344}{chapter.15}% 69
\BOOKMARK [0][-]{chapter.16}{\376\377\165\050\116\216\123\112\174\276\136\246\155\156\160\271\166\204\040\034\000Z\000f\000h\040\035\124\214\040\034\000Z\000f\000h\000m\000i\000n\040\035\150\007\121\306\142\151\134\125\377\010\0001\000.\0000\162\110\147\054}{}% 70
\BOOKMARK [1][-]{section.16.1}{\376\377\123\112\174\276\136\246\122\240\217\175\124\214\133\130\120\250\143\007\116\344}{chapter.16}% 71
\BOOKMARK [1][-]{section.16.2}{\376\377\123\112\174\276\136\246\217\320\173\227\143\007\116\344}{chapter.16}% 72
\BOOKMARK [1][-]{section.16.3}{\376\377\123\112\174\276\136\246\217\154\143\142\124\214\171\373\122\250\143\007\116\344}{chapter.16}% 73
\BOOKMARK [1][-]{section.16.4}{\376\377\123\112\174\276\136\246\155\156\160\271\153\324\217\203\143\007\116\344}{chapter.16}% 74
\BOOKMARK [1][-]{section.16.5}{\376\377\123\112\174\276\136\246\155\156\160\271\122\006\174\173\143\007\116\344}{chapter.16}% 75
\BOOKMARK [1][-]{section.16.6}{\376\377\165\050\116\216\147\000\134\017\123\112\174\276\136\246\155\156\160\271\145\057\143\001\166\204\040\034\000Z\000f\000h\000m\000i\000n\040\035\150\007\121\306\142\151\134\125}{chapter.16}% 76
\BOOKMARK [0][-]{chapter.17}{\376\377\000R\000V\000W\000M\000O\121\205\133\130\116\000\201\364\140\047\152\041\127\213\377\010\0002\000.\0000\162\110\147\054\377\011}{}% 77
\BOOKMARK [1][-]{section.17.1}{\376\377\000R\000V\000W\000M\000O\121\205\133\130\152\041\127\213\166\204\133\232\116\111}{chapter.17}% 78
\BOOKMARK [1][-]{section.17.2}{\376\377\000C\000S\000R\117\235\215\126\215\337\216\052\174\222\136\246}{chapter.17}% 79
\BOOKMARK [1][-]{section.17.3}{\376\377\156\220\133\304\133\130\126\150\124\214\166\356\166\204\133\304\133\130\126\150\122\027\210\150}{chapter.17}% 80
\BOOKMARK [0][-]{chapter.18}{\376\377\165\050\116\216\123\213\177\051\143\007\116\344\166\204\040\034\000C\040\035\150\007\121\306\142\151\134\125\377\010\0002\000.\0000\162\110\147\054\377\011}{}% 81
\BOOKMARK [1][-]{section.18.1}{\376\377\151\202\211\310}{chapter.18}% 82
\BOOKMARK [1][-]{section.18.2}{\376\377\123\213\177\051\143\007\116\344\150\074\137\017}{chapter.18}% 83
\BOOKMARK [1][-]{section.18.3}{\376\377\122\240\217\175\124\214\133\130\120\250\143\007\116\344}{chapter.18}% 84
\BOOKMARK [1][-]{section.18.4}{\376\377\143\247\122\066\217\154\171\373\143\007\116\344}{chapter.18}% 85
\BOOKMARK [1][-]{section.18.5}{\376\377\145\164\145\160\217\320\173\227\143\007\116\344}{chapter.18}% 86
\BOOKMARK [1][-]{section.18.6}{\376\377\000C\143\007\116\344\127\050\000L\000R\000/\000S\000C\136\217\122\027\116\055\166\204\117\177\165\050}{chapter.18}% 87
\BOOKMARK [1][-]{section.18.7}{\376\377\040\034\143\320\171\072\040\035\143\007\116\344}{chapter.18}% 88
\BOOKMARK [1][-]{section.18.8}{\376\377\000R\000V\000C\143\007\116\344\226\306\122\027\210\150}{chapter.18}% 89
\BOOKMARK [0][-]{chapter.19}{\376\377\165\050\116\216\117\115\144\315\117\134\166\204\040\034\000B\040\035\150\007\121\306\142\151\134\125\377\010\0000\000.\0000\162\110\147\054\377\011}{}% 90
\BOOKMARK [0][-]{chapter.20}{\376\377\165\050\116\216\122\250\140\001\177\373\213\321\213\355\212\000\166\204\040\034\000J\040\035\150\007\121\306\142\151\134\125\377\010\0000\000.\0000\162\110\147\054\377\011}{}% 91
\BOOKMARK [0][-]{chapter.21}{\376\377\165\050\116\216\142\123\123\005\000S\000I\000M\000D\143\007\116\344\166\204\040\034\000P\040\035\150\007\121\306\142\151\134\125\377\010\0000\000.\0002\162\110\147\054\377\011}{}% 92
\BOOKMARK [0][-]{chapter.22}{\376\377\165\050\116\216\124\021\221\317\144\315\117\134\166\204\040\034\000V\040\035\150\007\121\306\142\151\134\125\377\010\0000\000.\0007\162\110\147\054\377\011}{}% 93
\BOOKMARK [0][-]{chapter.23}{\376\377\165\050\116\216\227\136\133\371\237\120\123\237\133\120\166\204\040\034\000Z\000a\000m\040\035\150\007\121\306\142\151\134\125\377\010\0000\000.\0001\162\110\147\054\377\011}{}% 94
\BOOKMARK [0][-]{chapter.24}{\376\377\165\050\116\216\127\050\145\164\145\160\133\304\133\130\126\150\116\055\117\177\165\050\155\156\160\271\166\204\040\034\000Z\000f\000i\000n\000x\040\035\060\001\040\034\000Z\000d\000i\000n\000x\040\035\060\001\040\034\000Z\000h\000i\000n\000x\040\035\060\001\040\034\000Z\000h\000i\000n\000x\000m\000i\000n\040\035\150\007\121\306\142\151\134\125\377\010\0001\000.\0000\162\110\147\054\377\011}{}% 95
\BOOKMARK [1][-]{section.24.1}{\376\377\131\004\164\006\146\364\172\204\166\204\120\074}{chapter.24}% 96
\BOOKMARK [1][-]{section.24.2}{\376\377\000Z\000d\000i\000n\000x}{chapter.24}% 97
\BOOKMARK [1][-]{section.24.3}{\376\377\131\004\164\006\146\364\133\275\166\204\120\074}{chapter.24}% 98
\BOOKMARK [1][-]{section.24.4}{\376\377\000Z\000h\000i\000n\000x}{chapter.24}% 99
\BOOKMARK [1][-]{section.24.5}{\376\377\000Z\000h\000i\000n\000x\000m\000i\000n}{chapter.24}% 100
\BOOKMARK [1][-]{section.24.6}{\376\377\162\171\147\103\147\266\147\204\166\204\137\161\124\315}{chapter.24}% 101
\BOOKMARK [0][-]{chapter.25}{\376\377\165\050\116\216\121\150\133\130\120\250\143\222\136\217\166\204\040\034\000Z\000t\000s\000o\040\035\150\007\121\306\142\151\134\125\377\010\0000\000.\0001\162\110\147\054\377\011}{}% 102
\BOOKMARK [0][-]{chapter.26}{\376\377\000R\000V\0003\0002\000/\0006\0004\000G\143\007\116\344\226\306\122\027\210\150}{}% 103
\BOOKMARK [0][-]{chapter.27}{\376\377\142\151\121\105\166\204\000R\000I\000S\000C\000-\000V}{}% 104
\BOOKMARK [1][-]{section.27.1}{\376\377\142\151\134\125\147\057\213\355}{chapter.27}% 105
\BOOKMARK [1][-]{section.27.2}{\376\377\000R\000I\000S\000C\000-\000V\142\151\134\125\213\276\213\241\164\006\137\365}{chapter.27}% 106
\BOOKMARK [1][-]{section.27.3}{\376\377\133\232\133\275\0003\0002\117\115\143\007\116\344\150\074\137\017\116\013\166\204\142\151\134\125}{chapter.27}% 107
\BOOKMARK [1][-]{section.27.4}{\376\377\155\373\122\240\133\371\237\120\166\204\0006\0004\117\115\143\007\116\344\142\151\134\125}{chapter.27}% 108
\BOOKMARK [1][-]{section.27.5}{\376\377\145\057\143\001\000V\000L\000I\000W\177\026\170\001}{chapter.27}% 109
\BOOKMARK [0][-]{chapter.28}{\376\377\000I\000S\000A\142\151\134\125\124\175\124\015\176\246\133\232}{}% 110
\BOOKMARK [1][-]{section.28.1}{\376\377\131\047\134\017\121\231\145\117\141\037\140\047}{chapter.28}% 111
\BOOKMARK [1][-]{section.28.2}{\376\377\127\372\170\100\145\164\145\160\000I\000S\000A}{chapter.28}% 112
\BOOKMARK [1][-]{section.28.3}{\376\377\143\007\116\344\226\306\142\151\134\125\166\204\124\175\124\015}{chapter.28}% 113
\BOOKMARK [1][-]{section.28.4}{\376\377\162\110\147\054\123\367}{chapter.28}% 114
\BOOKMARK [1][-]{section.28.5}{\376\377\167\100\221\315\213\364\146\016}{chapter.28}% 115
\BOOKMARK [1][-]{section.28.6}{\376\377\226\104\122\240\166\204\150\007\121\306\142\151\134\125\166\204\124\175\124\015}{chapter.28}% 116
\BOOKMARK [1][-]{section.28.7}{\376\377\166\321\173\241\126\150\176\247\143\007\116\344\226\306\142\151\134\125}{chapter.28}% 117
\BOOKMARK [1][-]{section.28.8}{\376\377\147\072\126\150\176\247\143\007\116\344\226\306\142\151\134\125}{chapter.28}% 118
\BOOKMARK [1][-]{section.28.9}{\376\377\227\136\150\007\121\306\142\151\134\125\166\204\124\175\124\015}{chapter.28}% 119
\BOOKMARK [1][-]{section.28.10}{\376\377\133\120\226\306\124\175\124\015\176\246\133\232}{chapter.28}% 120
\BOOKMARK [0][-]{chapter.29}{\376\377\123\206\123\362\124\214\236\043\214\042}{}% 121
\BOOKMARK [1][-]{section.29.1}{\376\377\040\034\116\072\116\300\116\110\211\201\137\000\123\321\116\000\116\052\145\260\166\204\000I\000S\000A\377\037\040\035\117\057\121\113\122\051\134\017\176\304\166\204\164\006\165\061}{chapter.29}% 122
\BOOKMARK [1][-]{section.29.2}{\376\377\116\316\000I\000S\000A\142\113\121\214\0001\000.\0000\162\110\166\204\117\356\213\242\123\206\123\362}{chapter.29}% 123
\BOOKMARK [1][-]{section.29.3}{\376\377\116\316\000I\000S\000A\142\113\121\214\0002\000.\0000\162\110\166\204\117\356\213\242\123\206\123\362}{chapter.29}% 124
\BOOKMARK [1][-]{section.29.4}{\376\377\116\316\0002\000.\0001\162\110\166\204\117\356\213\242\123\206\123\362}{chapter.29}% 125
\BOOKMARK [1][-]{section.29.5}{\376\377\116\316\0002\000.\0002\162\110\166\204\117\356\213\242\123\206\123\362}{chapter.29}% 126
\BOOKMARK [1][-]{section.29.6}{\376\377\0002\000.\0003\162\110\166\204\117\356\213\242\123\206\123\362}{chapter.29}% 127
\BOOKMARK [1][-]{section.29.7}{\376\377\215\136\122\251}{chapter.29}% 128
\BOOKMARK [0][-]{appendix.A}{\376\377\000R\000V\000W\000M\000O\000\040\213\364\146\016\147\120\145\231\377\010\0000\000.\0001\162\110\147\054\377\011}{}% 129
\BOOKMARK [1][-]{section.A.1}{\376\377\116\072\116\300\116\110\165\050\000\040\000R\000V\000W\000M\000O\000?}{appendix.A}% 130
\BOOKMARK [1][-]{section.A.2}{\376\377\000L\000i\000t\000m\000u\000s\000\040\155\113\213\325}{appendix.A}% 131
\BOOKMARK [1][-]{section.A.3}{\376\377\000R\000V\000W\000M\000O\211\304\122\031\166\204\211\343\221\312}{appendix.A}% 132
\BOOKMARK [2][-]{subsection.A.3.1}{\376\377\117\335\165\131\172\013\136\217\153\041\136\217\124\214\121\150\134\100\121\205\133\130\153\041\136\217}{section.A.3}% 133
\BOOKMARK [2][-]{subsection.A.3.2}{\376\377\122\240\217\175\120\074\121\154\164\006}{section.A.3}% 134
\BOOKMARK [2][-]{subsection.A.3.3}{\376\377\123\237\133\120\140\047\121\154\164\006}{section.A.3}% 135
\BOOKMARK [2][-]{subsection.A.3.4}{\376\377\217\333\136\246\121\154\164\006}{section.A.3}% 136
\BOOKMARK [2][-]{subsection.A.3.5}{\376\377\221\315\123\340\127\060\127\100\143\222\136\217\377\010\211\304\122\031\000\040\0001\000-\0003\377\011\000\040}{section.A.3}% 137
\BOOKMARK [2][-]{subsection.A.3.6}{\376\377\134\117\226\234\377\010\211\304\122\031\000\040\0004\377\011}{section.A.3}% 138
\BOOKMARK [2][-]{subsection.A.3.7}{\376\377\146\076\137\017\124\014\153\145\377\010\211\304\122\031\000\040\0005\000-\0008\377\011}{section.A.3}% 139
\BOOKMARK [2][-]{subsection.A.3.8}{\376\377\123\345\154\325\117\235\215\126\377\010\211\304\122\031\000\040\0009\000-\0001\0001\377\011}{section.A.3}% 140
\BOOKMARK [2][-]{subsection.A.3.9}{\376\377\155\101\154\064\176\277\117\235\215\126\377\010\211\304\122\031\000\040\0001\0002\000-\0001\0003\377\011}{section.A.3}% 141
\BOOKMARK [1][-]{section.A.4}{\376\377\215\205\121\372\116\073\133\130\203\003\126\364}{appendix.A}% 142
\BOOKMARK [2][-]{subsection.A.4.1}{\376\377\116\000\201\364\140\047\124\214\123\357\177\023\133\130\140\047}{section.A.4}% 143
\BOOKMARK [2][-]{subsection.A.4.2}{\376\377\000I\000/\000O\143\222\136\217}{section.A.4}% 144
\BOOKMARK [1][-]{section.A.5}{\376\377\116\343\170\001\171\373\151\015\124\214\146\040\134\004\143\007\123\127}{appendix.A}% 145
\BOOKMARK [1][-]{section.A.6}{\376\377\133\236\163\260\143\007\123\127}{appendix.A}% 146
\BOOKMARK [2][-]{subsection.A.6.1}{\376\377\147\052\147\145\123\357\200\375\166\204\142\151\134\125}{section.A.6}% 147
\BOOKMARK [1][-]{section.A.7}{\376\377\135\362\167\345\225\356\230\230}{appendix.A}% 148
\BOOKMARK [2][-]{subsection.A.7.1}{\376\377\155\367\124\010\134\072\133\370\166\204\000R\000S\000W}{section.A.7}% 149
\BOOKMARK [0][-]{appendix.B}{\376\377\137\142\137\017\123\026\166\204\121\205\133\130\152\041\127\213\211\304\203\003\377\010\0000\000.\0001\162\110\147\054\377\011}{}% 150
\BOOKMARK [1][-]{section.B.1}{\376\377\000A\000l\000l\000o\000y\116\055\166\204\137\142\137\017\121\154\164\006\211\304\203\003}{appendix.B}% 151
\BOOKMARK [1][-]{section.B.2}{\376\377\000H\000e\000r\000d\116\055\166\204\137\142\137\017\121\154\164\006\211\304\203\003}{appendix.B}% 152
\BOOKMARK [1][-]{section.B.3}{\376\377\116\000\116\052\121\205\133\130\144\315\117\134\152\041\127\213}{appendix.B}% 153
\BOOKMARK [2][-]{subsection.B.3.1}{\376\377\143\007\116\344\121\205\166\204\117\052\170\001\142\147\210\114}{section.B.3}% 154
\BOOKMARK [2][-]{subsection.B.3.2}{\376\377\143\007\116\344\133\236\117\213\162\266\140\001}{section.B.3}% 155
\BOOKMARK [2][-]{subsection.B.3.3}{\376\377\170\154\116\366\176\277\172\013\162\266\140\001}{section.B.3}% 156
\BOOKMARK [2][-]{subsection.B.3.4}{\376\377\121\161\116\253\121\205\133\130\162\266\140\001}{section.B.3}% 157
\BOOKMARK [2][-]{subsection.B.3.5}{\376\377\217\307\156\041}{section.B.3}% 158
\BOOKMARK [2][-]{subsection.B.3.6}{\376\377\134\100\226\120\140\047}{section.B.3}% 159
