\BOOKMARK [0][-]{Doc-Start}{\376\377\000P\000r\000e\000f\000a\000c\000e}{}% 1
\BOOKMARK [0][-]{chapter.1}{\376\377\000I\000n\000t\000r\000o\000d\000u\000c\000t\000i\000o\000n}{}% 2
\BOOKMARK [1][-]{section.1.1}{\376\377\000R\000I\000S\000C\000-\000V\000\040\000P\000r\000i\000v\000i\000l\000e\000g\000e\000d\000\040\000S\000o\000f\000t\000w\000a\000r\000e\000\040\000S\000t\000a\000c\000k\000\040\000T\000e\000r\000m\000i\000n\000o\000l\000o\000g\000y}{chapter.1}% 3
\BOOKMARK [1][-]{section.1.2}{\376\377\000P\000r\000i\000v\000i\000l\000e\000g\000e\000\040\000L\000e\000v\000e\000l\000s}{chapter.1}% 4
\BOOKMARK [1][-]{section.1.3}{\376\377\000D\000e\000b\000u\000g\000\040\000M\000o\000d\000e}{chapter.1}% 5
\BOOKMARK [0][-]{chapter.2}{\376\377\000C\000o\000n\000t\000r\000o\000l\000\040\000a\000n\000d\000\040\000S\000t\000a\000t\000u\000s\000\040\000R\000e\000g\000i\000s\000t\000e\000r\000s\000\040\000\050\000C\000S\000R\000s\000\051}{}% 6
\BOOKMARK [1][-]{section.2.1}{\376\377\000C\000S\000R\000\040\000A\000d\000d\000r\000e\000s\000s\000\040\000M\000a\000p\000p\000i\000n\000g\000\040\000C\000o\000n\000v\000e\000n\000t\000i\000o\000n\000s}{chapter.2}% 7
\BOOKMARK [1][-]{section.2.2}{\376\377\000C\000S\000R\000\040\000L\000i\000s\000t\000i\000n\000g}{chapter.2}% 8
\BOOKMARK [1][-]{section.2.3}{\376\377\000C\000S\000R\000\040\000F\000i\000e\000l\000d\000\040\000S\000p\000e\000c\000i\000f\000i\000c\000a\000t\000i\000o\000n\000s}{chapter.2}% 9
\BOOKMARK [1][-]{section.2.4}{\376\377\000C\000S\000R\000\040\000F\000i\000e\000l\000d\000\040\000M\000o\000d\000u\000l\000a\000t\000i\000o\000n}{chapter.2}% 10
\BOOKMARK [1][-]{section.2.5}{\376\377\000I\000m\000p\000l\000i\000c\000i\000t\000\040\000R\000e\000a\000d\000s\000\040\000o\000f\000\040\000C\000S\000R\000s}{chapter.2}% 11
\BOOKMARK [1][-]{section.2.6}{\376\377\000C\000S\000R\000\040\000W\000i\000d\000t\000h\000\040\000M\000o\000d\000u\000l\000a\000t\000i\000o\000n}{chapter.2}% 12
\BOOKMARK [0][-]{chapter.3}{\376\377\147\072\126\150\176\247\000\040\000I\000S\000A\000,\000\040\0001\000.\0001\0002\162\110\147\054}{}% 13
\BOOKMARK [1][-]{section.3.1}{\376\377\147\072\126\150\176\247\000\040\000C\000S\000R\000s}{chapter.3}% 14
\BOOKMARK [2][-]{subsection.3.1.1}{\376\377\147\072\126\150\000I\000S\000A\000\040\133\304\133\130\126\150\000\040\000m\000i\000s\000a}{section.3.1}% 15
\BOOKMARK [2][-]{subsection.3.1.2}{\376\377\147\072\126\150\123\202\125\106\000I\000D\133\304\133\130\126\150\000\040\000m\000v\000e\000n\000d\000o\000r\000i\000d}{section.3.1}% 16
\BOOKMARK [2][-]{subsection.3.1.3}{\376\377\147\072\126\150\147\266\147\204\000I\000D\133\304\133\130\126\150\000m\000a\000r\000c\000h\000i\000d}{section.3.1}% 17
\BOOKMARK [2][-]{subsection.3.1.4}{\376\377\147\072\126\150\133\236\163\260\000I\000D\133\304\133\130\126\150\000\040\000m\000i\000m\000p\000i\000d}{section.3.1}% 18
\BOOKMARK [2][-]{subsection.3.1.5}{\376\377\170\154\116\366\176\277\172\013\000I\000D\133\304\133\130\126\150\000\040\000m\000h\000a\000r\000t\000i\000d}{section.3.1}% 19
\BOOKMARK [2][-]{subsection.3.1.6}{\376\377\147\072\126\150\162\266\140\001\133\304\133\130\126\150\000\040\000\050\000m\000s\000t\000a\000t\000u\000s\000\040\000a\000n\000d\000\040\000m\000s\000t\000a\000t\000u\000s\000h\000\051}{section.3.1}% 20
\BOOKMARK [3][-]{subsubsection.3.1.6.1}{\376\377\000\040\000m\000s\000t\000a\000t\000u\000s\000\040\133\304\133\130\126\150\116\055\166\204\162\171\147\103\124\214\121\150\134\100\116\055\145\255\121\101\213\270\150\010}{subsection.3.1.6}% 21
\BOOKMARK [3][-]{subsubsection.3.1.6.2}{\376\377\000B\000a\000s\000e\000\040\000I\000S\000A\000\040\000C\000o\000n\000t\000r\000o\000l\000\040\000i\000n\000\040\000m\000s\000t\000a\000t\000u\000s\000\040\000R\000e\000g\000i\000s\000t\000e\000r}{subsection.3.1.6}% 22
\BOOKMARK [3][-]{subsubsection.3.1.6.3}{\376\377\000m\000s\000t\000a\000t\000u\000s\133\304\133\130\126\150\116\055\166\204\121\205\133\130\162\171\147\103}{subsection.3.1.6}% 23
\BOOKMARK [3][-]{subsubsection.3.1.6.4}{\376\377\000m\000s\000t\000a\000t\000u\000s\124\214\000m\000s\000t\000a\000t\000u\000s\000h\133\304\133\130\126\150\116\055\166\204\172\357\136\217\143\247\122\066}{subsection.3.1.6}% 24
\BOOKMARK [3][-]{subsubsection.3.1.6.5}{\376\377\000m\000s\000t\000a\000t\000u\000s\133\304\133\130\126\150\116\055\166\204\206\132\142\337\123\026\145\057\143\001}{subsection.3.1.6}% 25
\BOOKMARK [3][-]{subsubsection.3.1.6.6}{\376\377\000E\000x\000t\000e\000n\000s\000i\000o\000n\000\040\000C\000o\000n\000t\000e\000x\000t\000\040\000S\000t\000a\000t\000u\000s\000\040\000i\000n\000\040\000m\000s\000t\000a\000t\000u\000s\000\040\000R\000e\000g\000i\000s\000t\000e\000r}{subsection.3.1.6}% 26
\BOOKMARK [2][-]{subsection.3.1.7}{\376\377\000M\000a\000c\000h\000i\000n\000e\000\040\000T\000r\000a\000p\000-\000V\000e\000c\000t\000o\000r\000\040\000B\000a\000s\000e\000-\000A\000d\000d\000r\000e\000s\000s\000\040\000R\000e\000g\000i\000s\000t\000e\000r\000\040\000\050\000m\000t\000v\000e\000c\000\051}{section.3.1}% 27
\BOOKMARK [2][-]{subsection.3.1.8}{\376\377\000M\000a\000c\000h\000i\000n\000e\000\040\000T\000r\000a\000p\000\040\000D\000e\000l\000e\000g\000a\000t\000i\000o\000n\000\040\000R\000e\000g\000i\000s\000t\000e\000r\000s\000\040\000\050\000m\000e\000d\000e\000l\000e\000g\000\040\000a\000n\000d\000\040\000m\000i\000d\000e\000l\000e\000g\000\051}{section.3.1}% 28
\BOOKMARK [2][-]{subsection.3.1.9}{\376\377\000M\000a\000c\000h\000i\000n\000e\000\040\000I\000n\000t\000e\000r\000r\000u\000p\000t\000\040\000R\000e\000g\000i\000s\000t\000e\000r\000s\000\040\000\050\000m\000i\000p\000\040\000a\000n\000d\000\040\000m\000i\000e\000\051}{section.3.1}% 29
\BOOKMARK [2][-]{subsection.3.1.10}{\376\377\000H\000a\000r\000d\000w\000a\000r\000e\000\040\000P\000e\000r\000f\000o\000r\000m\000a\000n\000c\000e\000\040\000M\000o\000n\000i\000t\000o\000r}{section.3.1}% 30
\BOOKMARK [2][-]{subsection.3.1.11}{\376\377\000M\000a\000c\000h\000i\000n\000e\000\040\000C\000o\000u\000n\000t\000e\000r\000-\000E\000n\000a\000b\000l\000e\000\040\000R\000e\000g\000i\000s\000t\000e\000r\000\040\000\050\000m\000c\000o\000u\000n\000t\000e\000r\000e\000n\000\051}{section.3.1}% 31
\BOOKMARK [2][-]{subsection.3.1.12}{\376\377\000M\000a\000c\000h\000i\000n\000e\000\040\000C\000o\000u\000n\000t\000e\000r\000-\000I\000n\000h\000i\000b\000i\000t\000\040\000C\000S\000R\000\040\000\050\000m\000c\000o\000u\000n\000t\000i\000n\000h\000i\000b\000i\000t\000\051}{section.3.1}% 32
\BOOKMARK [2][-]{subsection.3.1.13}{\376\377\000M\000a\000c\000h\000i\000n\000e\000\040\000S\000c\000r\000a\000t\000c\000h\000\040\000R\000e\000g\000i\000s\000t\000e\000r\000\040\000\050\000m\000s\000c\000r\000a\000t\000c\000h\000\051}{section.3.1}% 33
\BOOKMARK [2][-]{subsection.3.1.14}{\376\377\000M\000a\000c\000h\000i\000n\000e\000\040\000E\000x\000c\000e\000p\000t\000i\000o\000n\000\040\000P\000r\000o\000g\000r\000a\000m\000\040\000C\000o\000u\000n\000t\000e\000r\000\040\000\050\000m\000e\000p\000c\000\051}{section.3.1}% 34
\BOOKMARK [2][-]{subsection.3.1.15}{\376\377\000M\000a\000c\000h\000i\000n\000e\000\040\000C\000a\000u\000s\000e\000\040\000R\000e\000g\000i\000s\000t\000e\000r\000\040\000\050\000m\000c\000a\000u\000s\000e\000\051}{section.3.1}% 35
\BOOKMARK [2][-]{subsection.3.1.16}{\376\377\000M\000a\000c\000h\000i\000n\000e\000\040\000T\000r\000a\000p\000\040\000V\000a\000l\000u\000e\000\040\000R\000e\000g\000i\000s\000t\000e\000r\000\040\000\050\000m\000t\000v\000a\000l\000\051}{section.3.1}% 36
\BOOKMARK [2][-]{subsection.3.1.17}{\376\377\000M\000a\000c\000h\000i\000n\000e\000\040\000C\000o\000n\000f\000i\000g\000u\000r\000a\000t\000i\000o\000n\000\040\000P\000o\000i\000n\000t\000e\000r\000\040\000R\000e\000g\000i\000s\000t\000e\000r\000\040\000\050\000m\000c\000o\000n\000f\000i\000g\000p\000t\000r\000\051}{section.3.1}% 37
\BOOKMARK [2][-]{subsection.3.1.18}{\376\377\000M\000a\000c\000h\000i\000n\000e\000\040\000E\000n\000v\000i\000r\000o\000n\000m\000e\000n\000t\000\040\000C\000o\000n\000f\000i\000g\000u\000r\000a\000t\000i\000o\000n\000\040\000R\000e\000g\000i\000s\000t\000e\000r\000s\000\040\000\050\000m\000e\000n\000v\000c\000f\000g\000\040\000a\000n\000d\000\040\000m\000e\000n\000v\000c\000f\000g\000h\000\051}{section.3.1}% 38
\BOOKMARK [2][-]{subsection.3.1.19}{\376\377\000M\000a\000c\000h\000i\000n\000e\000\040\000S\000e\000c\000u\000r\000i\000t\000y\000\040\000C\000o\000n\000f\000i\000g\000u\000r\000a\000t\000i\000o\000n\000\040\000R\000e\000g\000i\000s\000t\000e\000r\000\040\000\050\000m\000s\000e\000c\000c\000f\000g\000\051}{section.3.1}% 39
\BOOKMARK [1][-]{section.3.2}{\376\377\000M\000a\000c\000h\000i\000n\000e\000-\000L\000e\000v\000e\000l\000\040\000M\000e\000m\000o\000r\000y\000-\000M\000a\000p\000p\000e\000d\000\040\000R\000e\000g\000i\000s\000t\000e\000r\000s}{chapter.3}% 40
\BOOKMARK [2][-]{subsection.3.2.1}{\376\377\000M\000a\000c\000h\000i\000n\000e\000\040\000T\000i\000m\000e\000r\000\040\000R\000e\000g\000i\000s\000t\000e\000r\000s\000\040\000\050\000m\000t\000i\000m\000e\000\040\000a\000n\000d\000\040\000m\000t\000i\000m\000e\000c\000m\000p\000\051}{section.3.2}% 41
\BOOKMARK [1][-]{section.3.3}{\376\377\000M\000a\000c\000h\000i\000n\000e\000-\000M\000o\000d\000e\000\040\000P\000r\000i\000v\000i\000l\000e\000g\000e\000d\000\040\000I\000n\000s\000t\000r\000u\000c\000t\000i\000o\000n\000s}{chapter.3}% 42
\BOOKMARK [2][-]{subsection.3.3.1}{\376\377\000E\000n\000v\000i\000r\000o\000n\000m\000e\000n\000t\000\040\000C\000a\000l\000l\000\040\000a\000n\000d\000\040\000B\000r\000e\000a\000k\000p\000o\000i\000n\000t}{section.3.3}% 43
\BOOKMARK [2][-]{subsection.3.3.2}{\376\377\000T\000r\000a\000p\000-\000R\000e\000t\000u\000r\000n\000\040\000I\000n\000s\000t\000r\000u\000c\000t\000i\000o\000n\000s}{section.3.3}% 44
\BOOKMARK [2][-]{subsection.3.3.3}{\376\377\000W\000a\000i\000t\000\040\000f\000o\000r\000\040\000I\000n\000t\000e\000r\000r\000u\000p\000t}{section.3.3}% 45
\BOOKMARK [2][-]{subsection.3.3.4}{\376\377\000C\000u\000s\000t\000o\000m\000\040\000S\000Y\000S\000T\000E\000M\000\040\000I\000n\000s\000t\000r\000u\000c\000t\000i\000o\000n\000s}{section.3.3}% 46
\BOOKMARK [1][-]{section.3.4}{\376\377\000R\000e\000s\000e\000t}{chapter.3}% 47
\BOOKMARK [1][-]{section.3.5}{\376\377\000N\000o\000n\000-\000M\000a\000s\000k\000a\000b\000l\000e\000\040\000I\000n\000t\000e\000r\000r\000u\000p\000t\000s}{chapter.3}% 48
\BOOKMARK [1][-]{section.3.6}{\376\377\000P\000h\000y\000s\000i\000c\000a\000l\000\040\000M\000e\000m\000o\000r\000y\000\040\000A\000t\000t\000r\000i\000b\000u\000t\000e\000s}{chapter.3}% 49
\BOOKMARK [2][-]{subsection.3.6.1}{\376\377\000M\000a\000i\000n\000\040\000M\000e\000m\000o\000r\000y\000\040\000v\000e\000r\000s\000u\000s\000\040\000I\000/\000O\000\040\000v\000e\000r\000s\000u\000s\000\040\000V\000a\000c\000a\000n\000t\000\040\000R\000e\000g\000i\000o\000n\000s}{section.3.6}% 50
\BOOKMARK [2][-]{subsection.3.6.2}{\376\377\000S\000u\000p\000p\000o\000r\000t\000e\000d\000\040\000A\000c\000c\000e\000s\000s\000\040\000T\000y\000p\000e\000\040\000P\000M\000A\000s}{section.3.6}% 51
\BOOKMARK [2][-]{subsection.3.6.3}{\376\377\000A\000t\000o\000m\000i\000c\000i\000t\000y\000\040\000P\000M\000A\000s}{section.3.6}% 52
\BOOKMARK [3][-]{subsubsection.3.6.3.1}{\376\377\000A\000M\000O\000\040\000P\000M\000A}{subsection.3.6.3}% 53
\BOOKMARK [3][-]{subsubsection.3.6.3.2}{\376\377\000R\000e\000s\000e\000r\000v\000a\000b\000i\000l\000i\000t\000y\000\040\000P\000M\000A}{subsection.3.6.3}% 54
\BOOKMARK [3][-]{subsubsection.3.6.3.3}{\376\377\000A\000l\000i\000g\000n\000m\000e\000n\000t}{subsection.3.6.3}% 55
\BOOKMARK [2][-]{subsection.3.6.4}{\376\377\000M\000e\000m\000o\000r\000y\000-\000O\000r\000d\000e\000r\000i\000n\000g\000\040\000P\000M\000A\000s}{section.3.6}% 56
\BOOKMARK [2][-]{subsection.3.6.5}{\376\377\000C\000o\000h\000e\000r\000e\000n\000c\000e\000\040\000a\000n\000d\000\040\000C\000a\000c\000h\000e\000a\000b\000i\000l\000i\000t\000y\000\040\000P\000M\000A\000s}{section.3.6}% 57
\BOOKMARK [2][-]{subsection.3.6.6}{\376\377\000I\000d\000e\000m\000p\000o\000t\000e\000n\000c\000y\000\040\000P\000M\000A\000s}{section.3.6}% 58
\BOOKMARK [1][-]{section.3.7}{\376\377\000P\000h\000y\000s\000i\000c\000a\000l\000\040\000M\000e\000m\000o\000r\000y\000\040\000P\000r\000o\000t\000e\000c\000t\000i\000o\000n}{chapter.3}% 59
\BOOKMARK [2][-]{subsection.3.7.1}{\376\377\000P\000h\000y\000s\000i\000c\000a\000l\000\040\000M\000e\000m\000o\000r\000y\000\040\000P\000r\000o\000t\000e\000c\000t\000i\000o\000n\000\040\000C\000S\000R\000s}{section.3.7}% 60
\BOOKMARK [2][-]{subsection.3.7.2}{\376\377\000P\000h\000y\000s\000i\000c\000a\000l\000\040\000M\000e\000m\000o\000r\000y\000\040\000P\000r\000o\000t\000e\000c\000t\000i\000o\000n\000\040\000a\000n\000d\000\040\000P\000a\000g\000i\000n\000g}{section.3.7}% 61
\BOOKMARK [0][-]{chapter.4}{\376\377\000S\000u\000p\000e\000r\000v\000i\000s\000o\000r\000-\000L\000e\000v\000e\000l\000\040\000I\000S\000A\000,\000\040\000V\000e\000r\000s\000i\000o\000n\000\040\0001\000.\0001\0002\000\040\166\321\173\241\200\005\176\247\143\007\116\344\226\306\377\014\000\040\162\110\147\054\0001\000.\0001\0002}{}% 62
\BOOKMARK [1][-]{section.4.1}{\376\377\000S\000u\000p\000e\000r\000v\000i\000s\000o\000r\000\040\000C\000S\000R\000s\000\040\166\321\173\241\200\005\000C\000S\000R}{chapter.4}% 63
\BOOKMARK [2][-]{subsection.4.1.1}{\376\377\000S\000u\000p\000e\000r\000v\000i\000s\000o\000r\000\040\000S\000t\000a\000t\000u\000s\000\040\000R\000e\000g\000i\000s\000t\000e\000r\000\040\000\050\000s\000s\000t\000a\000t\000u\000s\000\051\000\040\166\321\173\241\200\005\176\247\162\266\140\001\133\304\133\130\126\150\000\040\000\050\000s\000s\000t\000a\000t\000u\000s\000\051}{section.4.1}% 64
\BOOKMARK [3][-]{subsubsection.4.1.1.1}{\376\377\000B\000a\000s\000e\000\040\000I\000S\000A\000\040\000C\000o\000n\000t\000r\000o\000l\000\040\000i\000n\000\040\000s\000s\000t\000a\000t\000u\000s\000\040\000R\000e\000g\000i\000s\000t\000e\000r\000\040\000s\000s\000t\000a\000t\000u\000s\133\304\133\130\126\150\116\055\166\204\127\372\147\054\143\247\122\066}{subsection.4.1.1}% 65
\BOOKMARK [3][-]{subsubsection.4.1.1.2}{\376\377\000M\000e\000m\000o\000r\000y\000\040\000P\000r\000i\000v\000i\000l\000e\000g\000e\000\040\000i\000n\000\040\000s\000s\000t\000a\000t\000u\000s\000\040\000R\000e\000g\000i\000s\000t\000e\000r\000\040\000s\000s\000t\000a\000t\000u\000s\133\304\133\130\126\150\116\055\166\204\121\205\133\130\147\103\226\120}{subsection.4.1.1}% 66
\BOOKMARK [3][-]{subsubsection.4.1.1.3}{\376\377\000E\000n\000d\000i\000a\000n\000n\000e\000s\000s\000\040\000C\000o\000n\000t\000r\000o\000l\000\040\000i\000n\000\040\000s\000s\000t\000a\000t\000u\000s\000\040\000R\000e\000g\000i\000s\000t\000e\000r\000\040\000s\000s\000t\000a\000t\000u\000s\133\304\133\130\126\150\116\055\166\204\133\127\202\202\136\217\143\247\122\066}{subsection.4.1.1}% 67
\BOOKMARK [2][-]{subsection.4.1.2}{\376\377\000S\000u\000p\000e\000r\000v\000i\000s\000o\000r\000\040\000T\000r\000a\000p\000\040\000V\000e\000c\000t\000o\000r\000\040\000B\000a\000s\000e\000\040\000A\000d\000d\000r\000e\000s\000s\000\040\000R\000e\000g\000i\000s\000t\000e\000r\000\040\000\050\000s\000t\000v\000e\000c\000\051\000\040\166\321\173\241\200\005\176\247\226\167\226\061\167\342\221\317\127\372\127\060\127\100\133\304\133\130\126\150\377\010\000s\000t\000v\000e\000c\377\011}{section.4.1}% 68
\BOOKMARK [2][-]{subsection.4.1.3}{\376\377\000S\000u\000p\000e\000r\000v\000i\000s\000o\000r\000\040\000I\000n\000t\000e\000r\000r\000u\000p\000t\000\040\000R\000e\000g\000i\000s\000t\000e\000r\000s\000\040\000\050\000s\000i\000p\000\040\000a\000n\000d\000\040\000s\000i\000e\000\051\000\040\166\321\173\241\200\005\176\247\116\055\145\255\133\304\133\130\126\150\377\010\000s\000i\000p\124\214\000s\000i\000e\377\011}{section.4.1}% 69
\BOOKMARK [2][-]{subsection.4.1.4}{\376\377\000S\000u\000p\000e\000r\000v\000i\000s\000o\000r\000\040\000T\000i\000m\000e\000r\000s\000\040\000a\000n\000d\000\040\000P\000e\000r\000f\000o\000r\000m\000a\000n\000c\000e\000\040\000C\000o\000u\000n\000t\000e\000r\000s\000\040\166\321\173\241\200\005\176\247\213\241\145\366\126\150\124\214\140\047\200\375\213\241\145\160\126\150}{section.4.1}% 70
\BOOKMARK [2][-]{subsection.4.1.5}{\376\377\000C\000o\000u\000n\000t\000e\000r\000-\000E\000n\000a\000b\000l\000e\000\040\000R\000e\000g\000i\000s\000t\000e\000r\000\040\000\050\000s\000c\000o\000u\000n\000t\000e\000r\000e\000n\000\051\000\040\213\241\145\160\126\150\124\057\165\050\133\304\133\130\126\150\377\010\000s\000c\000o\000u\000n\000t\000e\000r\000e\000n\377\011}{section.4.1}% 71
\BOOKMARK [2][-]{subsection.4.1.6}{\376\377\000S\000u\000p\000e\000r\000v\000i\000s\000o\000r\000\040\000S\000c\000r\000a\000t\000c\000h\000\040\000R\000e\000g\000i\000s\000t\000e\000r\000\040\000\050\000s\000s\000c\000r\000a\000t\000c\000h\000\051\000\040\166\321\173\241\200\005\176\247\000S\000c\000r\000a\000t\000c\000h\133\304\133\130\126\150\377\010\000s\000s\000c\000r\000a\000t\000c\000h\377\011}{section.4.1}% 72
\BOOKMARK [2][-]{subsection.4.1.7}{\376\377\000S\000u\000p\000e\000r\000v\000i\000s\000o\000r\000\040\000E\000x\000c\000e\000p\000t\000i\000o\000n\000\040\000P\000r\000o\000g\000r\000a\000m\000\040\000C\000o\000u\000n\000t\000e\000r\000\040\000\050\000s\000e\000p\000c\000\051\000\040\166\321\173\241\200\005\176\247\137\002\136\070\172\013\136\217\213\241\145\160\126\150\377\010\000s\000e\000p\000c\377\011}{section.4.1}% 73
\BOOKMARK [2][-]{subsection.4.1.8}{\376\377\000S\000u\000p\000e\000r\000v\000i\000s\000o\000r\000\040\000C\000a\000u\000s\000e\000\040\000R\000e\000g\000i\000s\000t\000e\000r\000\040\000\050\000s\000c\000a\000u\000s\000e\000\051\000\040\166\321\173\241\200\005\176\247\123\237\126\340\133\304\133\130\126\150\377\010\000s\000c\000a\000u\000s\000e\377\011}{section.4.1}% 74
\BOOKMARK [2][-]{subsection.4.1.9}{\376\377\000S\000u\000p\000e\000r\000v\000i\000s\000o\000r\000\040\000T\000r\000a\000p\000\040\000V\000a\000l\000u\000e\000\040\000\050\000s\000t\000v\000a\000l\000\051\000\040\000R\000e\000g\000i\000s\000t\000e\000r\000\040\166\321\173\241\200\005\176\247\226\167\226\061\120\074\377\010\000s\000t\000v\000a\000l\377\011\133\304\133\130\126\150}{section.4.1}% 75
\BOOKMARK [2][-]{subsection.4.1.10}{\376\377\000S\000u\000p\000e\000r\000v\000i\000s\000o\000r\000\040\000E\000n\000v\000i\000r\000o\000n\000m\000e\000n\000t\000\040\000C\000o\000n\000f\000i\000g\000u\000r\000a\000t\000i\000o\000n\000\040\000R\000e\000g\000i\000s\000t\000e\000r\000\040\000\050\000s\000e\000n\000v\000c\000f\000g\000\051\000\040\166\321\173\241\200\005\176\247\163\257\130\203\221\115\177\156\133\304\133\130\126\150\377\010\000s\000e\000n\000v\000c\000f\000g\377\011}{section.4.1}% 76
\BOOKMARK [2][-]{subsection.4.1.11}{\376\377\000S\000u\000p\000e\000r\000v\000i\000s\000o\000r\000\040\000A\000d\000d\000r\000e\000s\000s\000\040\000T\000r\000a\000n\000s\000l\000a\000t\000i\000o\000n\000\040\000a\000n\000d\000\040\000P\000r\000o\000t\000e\000c\000t\000i\000o\000n\000\040\000\050\000s\000a\000t\000p\000\051\000\040\000R\000e\000g\000i\000s\000t\000e\000r\000\040\166\321\173\241\200\005\127\060\127\100\217\154\143\142\124\214\117\335\142\244\377\010\000s\000a\000t\000p\377\011\133\304\133\130\126\150}{section.4.1}% 77
\BOOKMARK [1][-]{section.4.2}{\376\377\000S\000u\000p\000e\000r\000v\000i\000s\000o\000r\000\040\000I\000n\000s\000t\000r\000u\000c\000t\000i\000o\000n\000s\000\040\166\321\173\241\200\005\143\007\116\344}{chapter.4}% 78
\BOOKMARK [2][-]{subsection.4.2.1}{\376\377\000S\000u\000p\000e\000r\000v\000i\000s\000o\000r\000\040\000M\000e\000m\000o\000r\000y\000-\000M\000a\000n\000a\000g\000e\000m\000e\000n\000t\000\040\000F\000e\000n\000c\000e\000\040\000I\000n\000s\000t\000r\000u\000c\000t\000i\000o\000n\000\040\166\321\173\241\200\005\121\205\133\130\173\241\164\006\134\117\226\234\143\007\116\344}{section.4.2}% 79
\BOOKMARK [1][-]{section.4.3}{\376\377\000S\000v\0003\0002\000:\000\040\000P\000a\000g\000e\000-\000B\000a\000s\000e\000d\000\040\0003\0002\000-\000b\000i\000t\000\040\000V\000i\000r\000t\000u\000a\000l\000-\000M\000e\000m\000o\000r\000y\000\040\000S\000y\000s\000t\000e\000m\000s\000\040\000S\000v\0003\0002\377\032\127\372\116\216\230\165\227\142\166\204\0003\0002\117\115\206\132\142\337\121\205\133\130\174\373\176\337}{chapter.4}% 80
\BOOKMARK [2][-]{subsection.4.3.1}{\376\377\000A\000d\000d\000r\000e\000s\000s\000i\000n\000g\000\040\000a\000n\000d\000\040\000M\000e\000m\000o\000r\000y\000\040\000P\000r\000o\000t\000e\000c\000t\000i\000o\000n\000\040\133\373\127\100\124\214\121\205\133\130\117\335\142\244}{section.4.3}% 81
\BOOKMARK [2][-]{subsection.4.3.2}{\376\377\000V\000i\000r\000t\000u\000a\000l\000\040\000A\000d\000d\000r\000e\000s\000s\000\040\000T\000r\000a\000n\000s\000l\000a\000t\000i\000o\000n\000\040\000P\000r\000o\000c\000e\000s\000s\000\040\206\132\142\337\127\060\127\100\217\154\143\142\217\307\172\013}{section.4.3}% 82
\BOOKMARK [1][-]{section.4.4}{\376\377\000S\000v\0003\0009\000:\000\040\000P\000a\000g\000e\000-\000B\000a\000s\000e\000d\000\040\0003\0009\000-\000b\000i\000t\000\040\000V\000i\000r\000t\000u\000a\000l\000-\000M\000e\000m\000o\000r\000y\000\040\000S\000y\000s\000t\000e\000m\000\040\000S\000v\0003\0009\377\032\127\372\116\216\230\165\227\142\166\204\0003\0009\117\115\206\132\142\337\121\205\133\130\174\373\176\337}{chapter.4}% 83
\BOOKMARK [2][-]{subsection.4.4.1}{\376\377\000A\000d\000d\000r\000e\000s\000s\000i\000n\000g\000\040\000a\000n\000d\000\040\000M\000e\000m\000o\000r\000y\000\040\000P\000r\000o\000t\000e\000c\000t\000i\000o\000n\000\040\133\373\127\100\124\214\121\205\133\130\117\335\142\244}{section.4.4}% 84
\BOOKMARK [1][-]{section.4.5}{\376\377\000S\000v\0004\0008\000:\000\040\000P\000a\000g\000e\000-\000B\000a\000s\000e\000d\000\040\0004\0008\000-\000b\000i\000t\000\040\000V\000i\000r\000t\000u\000a\000l\000-\000M\000e\000m\000o\000r\000y\000\040\000S\000y\000s\000t\000e\000m\000\040\000S\000v\0004\0008\377\032\127\372\116\216\230\165\227\142\166\204\0004\0008\117\115\206\132\142\337\121\205\133\130\174\373\176\337}{chapter.4}% 85
\BOOKMARK [2][-]{subsection.4.5.1}{\376\377\000A\000d\000d\000r\000e\000s\000s\000i\000n\000g\000\040\000a\000n\000d\000\040\000M\000e\000m\000o\000r\000y\000\040\000P\000r\000o\000t\000e\000c\000t\000i\000o\000n\000\040\133\373\127\100\124\214\121\205\133\130\117\335\142\244}{section.4.5}% 86
\BOOKMARK [1][-]{section.4.6}{\376\377\000S\000v\0005\0007\000:\000\040\000P\000a\000g\000e\000-\000B\000a\000s\000e\000d\000\040\0005\0007\000-\000b\000i\000t\000\040\000V\000i\000r\000t\000u\000a\000l\000-\000M\000e\000m\000o\000r\000y\000\040\000S\000y\000s\000t\000e\000m\000\040\000S\000v\0005\0007\377\032\127\372\116\216\230\165\227\142\166\204\0005\0007\117\115\206\132\142\337\121\205\133\130\174\373\176\337}{chapter.4}% 87
\BOOKMARK [2][-]{subsection.4.6.1}{\376\377\000A\000d\000d\000r\000e\000s\000s\000i\000n\000g\000\040\000a\000n\000d\000\040\000M\000e\000m\000o\000r\000y\000\040\000P\000r\000o\000t\000e\000c\000t\000i\000o\000n\000\040\133\373\127\100\124\214\121\205\133\130\117\335\142\244}{section.4.6}% 88
\BOOKMARK [0][-]{chapter.5}{\376\377\000`\000`\000S\000v\000n\000a\000p\000o\000t\000'\000'\000\040\000S\000t\000a\000n\000d\000a\000r\000d\000\040\000E\000x\000t\000e\000n\000s\000i\000o\000n\000\040\000f\000o\000r\000\040\000N\000A\000P\000O\000T\000\040\000T\000r\000a\000n\000s\000l\000a\000t\000i\000o\000n\000\040\000C\000o\000n\000t\000i\000g\000u\000i\000t\000y\000,\000\040\000V\000e\000r\000s\000i\000o\000n\000\040\0001\000.\0000}{}% 89
\BOOKMARK [0][-]{chapter.6}{\376\377\000`\000`\000S\000v\000p\000b\000m\000t\000'\000'\000\040\000S\000t\000a\000n\000d\000a\000r\000d\000\040\000E\000x\000t\000e\000n\000s\000i\000o\000n\000\040\000f\000o\000r\000\040\000P\000a\000g\000e\000-\000B\000a\000s\000e\000d\000\040\000M\000e\000m\000o\000r\000y\000\040\000T\000y\000p\000e\000s\000,\000\040\000V\000e\000r\000s\000i\000o\000n\000\040\0001\000.\0000}{}% 90
\BOOKMARK [0][-]{chapter.7}{\376\377\000`\000`\000S\000v\000i\000n\000v\000a\000l\000'\000'\000\040\000S\000t\000a\000n\000d\000a\000r\000d\000\040\000E\000x\000t\000e\000n\000s\000i\000o\000n\000\040\000f\000o\000r\000\040\000F\000i\000n\000e\000-\000G\000r\000a\000i\000n\000e\000d\000\040\000A\000d\000d\000r\000e\000s\000s\000-\000T\000r\000a\000n\000s\000l\000a\000t\000i\000o\000n\000\040\000C\000a\000c\000h\000e\000\040\000I\000n\000v\000a\000l\000i\000d\000a\000t\000i\000o\000n\000,\000\040\000V\000e\000r\000s\000i\000o\000n\000\040\0001\000.\0000}{}% 91
\BOOKMARK [0][-]{chapter.8}{\376\377\215\205\176\247\166\321\173\241\126\150\142\323\134\125\377\014\0001\000.\0000\162\110}{}% 92
\BOOKMARK [1][-]{section.8.1}{\376\377\162\171\147\103\152\041\137\017}{chapter.8}% 93
\BOOKMARK [1][-]{section.8.2}{\376\377\215\205\176\247\166\321\173\241\126\150\124\214\206\132\142\337\166\321\173\241\126\150\166\204\143\247\122\066\162\266\140\001\133\304\133\130\126\150}{chapter.8}% 94
\BOOKMARK [2][-]{subsection.8.2.1}{\376\377\215\205\176\247\173\241\164\006\126\150\162\266\140\001\133\304\133\130\126\150\000\050\000h\000s\000t\000a\000t\000u\000s\000\051}{section.8.2}% 95
\BOOKMARK [2][-]{subsection.8.2.2}{\376\377\215\205\176\247\166\321\173\241\176\247\226\167\121\145\131\324\142\130\133\304\133\130\126\150\000\040\000\050\000h\000e\000d\000e\000l\000e\000g\000\040\124\214\000\040\000h\000i\000d\000e\000l\000e\000g\000\051}{section.8.2}% 96
\BOOKMARK [2][-]{subsection.8.2.3}{\376\377\215\205\176\247\166\321\173\241\126\150\116\055\145\255\133\304\133\130\126\150\000\040\000\050\000h\000v\000i\000p\377\014\000\040\000h\000i\000p\000\040\124\214\000\040\000h\000i\000e\000\051}{section.8.2}% 97
\BOOKMARK [2][-]{subsection.8.2.4}{\376\377\215\205\176\247\166\321\173\241\176\247\133\276\133\242\131\026\220\350\116\055\145\255\133\304\133\130\126\150\377\010\000h\000g\000e\000i\000p\000\040\124\214\000\040\000h\000g\000e\000i\000e\377\011}{section.8.2}% 98
\BOOKMARK [2][-]{subsection.8.2.5}{\376\377\215\205\176\247\166\321\173\241\126\150\163\257\130\203\221\115\177\156\133\304\133\130\126\150\377\010\000h\000e\000n\000v\000c\000f\000g\000\040\124\214\000\040\000h\000e\000n\000v\000c\000f\000g\000h\377\011\000\040}{section.8.2}% 99
\BOOKMARK [2][-]{subsection.8.2.6}{\376\377\215\205\176\247\166\321\173\241\126\150\213\241\145\160\126\150\117\177\200\375\133\304\133\130\126\150\000\040\377\010\000h\000c\000o\000u\000n\000t\000e\000r\000e\000n\377\011\000\040}{section.8.2}% 100
\BOOKMARK [2][-]{subsection.8.2.7}{\376\377\215\205\176\247\166\321\173\241\126\150\145\366\225\364\120\117\171\373\377\010\000D\000e\000l\000t\000a\377\011\133\304\133\130\126\150\377\010\000h\000t\000i\000m\000e\000d\000e\000l\000t\000a\377\014\000\040\000h\000t\000i\000m\000e\000d\000e\000l\000t\000a\000h\377\011\000\040}{section.8.2}% 101
\BOOKMARK [2][-]{subsection.8.2.8}{\376\377\215\205\176\247\166\321\173\241\126\150\226\167\121\145\120\074\133\304\133\130\126\150\377\010\000h\000t\000v\000a\000l\377\011}{section.8.2}% 102
\BOOKMARK [2][-]{subsection.8.2.9}{\376\377\215\205\176\247\166\321\173\241\126\150\226\167\121\145\143\007\116\344\133\304\133\130\126\150\377\010\000h\000t\000i\000n\000s\000t\377\011}{section.8.2}% 103
\BOOKMARK [2][-]{subsection.8.2.10}{\376\377\215\205\176\247\166\321\173\241\126\150\133\276\133\242\127\060\127\100\177\373\213\321\124\214\117\335\142\244\133\304\133\130\126\150\377\010\000h\000g\000a\000t\000p\377\011\000\040}{section.8.2}% 104
\BOOKMARK [2][-]{subsection.8.2.11}{\376\377\206\132\142\337\166\321\173\241\176\247\162\266\140\001\133\304\133\130\126\150\000\040\377\010\000v\000s\000s\000t\000a\000t\000u\000s\377\011}{section.8.2}% 105
\BOOKMARK [2][-]{subsection.8.2.12}{\376\377\206\132\142\337\166\321\173\241\176\247\116\055\145\255\133\304\133\130\126\150\377\010\000v\000s\000i\000p\124\214\000v\000s\000i\000e\377\011}{section.8.2}% 106
\BOOKMARK [2][-]{subsection.8.2.13}{\376\377\206\132\142\337\166\321\173\241\176\247\226\167\121\145\124\021\221\317\127\372\127\060\127\100\133\304\133\130\126\150\377\010\000v\000s\000t\000v\000e\000c\377\011}{section.8.2}% 107
\BOOKMARK [2][-]{subsection.8.2.14}{\376\377\206\132\142\337\166\321\173\241\176\247\000s\000c\000r\000a\000t\000c\000h\133\304\133\130\126\150\377\010\000v\000s\000s\000c\000r\000a\000t\000c\000h\377\011}{section.8.2}% 108
\BOOKMARK [2][-]{subsection.8.2.15}{\376\377\206\132\142\337\166\321\173\241\176\247\137\002\136\070\172\013\136\217\213\241\145\160\126\150\377\010\000v\000s\000e\000p\000c\377\011}{section.8.2}% 109
\BOOKMARK [2][-]{subsection.8.2.16}{\376\377\206\132\142\337\166\321\173\241\176\247\123\237\126\340\133\304\133\130\126\150\377\010\000v\000s\000c\000a\000u\000s\000e\377\011}{section.8.2}% 110
\BOOKMARK [2][-]{subsection.8.2.17}{\376\377\206\132\142\337\215\205\176\247\166\321\173\241\126\150\226\167\121\145\120\074\133\304\133\130\126\150\377\010\000v\000s\000t\000v\000a\000l\377\011}{section.8.2}% 111
\BOOKMARK [2][-]{subsection.8.2.18}{\376\377\206\132\142\337\166\321\173\241\176\247\127\060\127\100\177\373\213\321\124\214\117\335\142\244\133\304\133\130\126\150\000\040\377\010\000v\000s\000a\000t\000p\377\011}{section.8.2}% 112
\BOOKMARK [1][-]{section.8.3}{\376\377\215\205\176\247\166\321\173\241\126\150\143\007\116\344}{chapter.8}% 113
\BOOKMARK [2][-]{subsection.8.3.1}{\376\377\215\205\176\247\166\321\173\241\176\247\206\132\142\337\147\072\122\240\217\175\124\214\133\130\120\250\143\007\116\344}{section.8.3}% 114
\BOOKMARK [2][-]{subsection.8.3.2}{\376\377\215\205\176\247\166\321\173\241\126\150\121\205\133\130\173\241\164\006\134\117\226\234\143\007\116\344}{section.8.3}% 115
\BOOKMARK [1][-]{section.8.4}{\376\377\147\072\126\150\176\247\000C\000S\000R}{chapter.8}% 116
\BOOKMARK [2][-]{subsection.8.4.1}{\376\377\147\072\126\150\176\247\162\266\140\001\133\304\133\130\126\150\377\010\000m\000s\000t\000a\000t\000u\000s\124\214\000m\000s\000t\000a\000t\000u\000s\000h\377\011}{section.8.4}% 117
\BOOKMARK [2][-]{subsection.8.4.2}{\376\377\147\072\126\150\116\055\145\255\116\343\164\006\133\304\133\130\126\150\377\010\000m\000i\000d\000e\000l\000e\000g\377\011}{section.8.4}% 118
\BOOKMARK [2][-]{subsection.8.4.3}{\376\377\147\072\126\150\116\055\145\255\133\304\133\130\126\150\377\010\000m\000i\000p\124\214\000m\000i\000e\377\011}{section.8.4}% 119
\BOOKMARK [2][-]{subsection.8.4.4}{\376\377\147\072\126\150\173\054\116\214\226\167\121\145\120\074\133\304\133\130\126\150\377\010\000m\000t\000v\000a\000l\0002\377\011}{section.8.4}% 120
\BOOKMARK [2][-]{subsection.8.4.5}{\376\377\147\072\126\150\226\167\121\145\143\007\116\344\133\304\133\130\126\150\377\010\000m\000t\000i\000n\000s\000t\377\011}{section.8.4}% 121
\BOOKMARK [1][-]{section.8.5}{\376\377\116\044\226\066\153\265\127\060\127\100\177\373\213\321}{chapter.8}% 122
\BOOKMARK [2][-]{subsection.8.5.1}{\376\377\133\276\133\242\162\151\164\006\127\060\127\100\177\373\213\321}{section.8.5}% 123
\BOOKMARK [2][-]{subsection.8.5.2}{\376\377\133\276\133\242\230\165\225\031\213\357}{section.8.5}% 124
\BOOKMARK [2][-]{subsection.8.5.3}{\376\377\121\205\133\130\173\241\164\006\134\117\226\234}{section.8.5}% 125
\BOOKMARK [1][-]{section.8.6}{\376\377\226\167\121\145}{chapter.8}% 126
\BOOKMARK [2][-]{subsection.8.6.1}{\376\377\226\167\121\145\123\237\126\340\177\026\170\001}{section.8.6}% 127
\BOOKMARK [2][-]{subsection.8.6.2}{\376\377\226\167\121\145\133\236\117\123}{section.8.6}% 128
\BOOKMARK [2][-]{subsection.8.6.3}{\376\377\116\072\000m\000t\000i\000n\000s\000t\000\040\142\026\000\040\000h\000t\000i\000n\000s\000t\166\204\217\154\143\142\143\007\116\344\142\026\117\052\143\007\116\344}{section.8.6}% 129
\BOOKMARK [2][-]{subsection.8.6.4}{\376\377\226\167\121\145\217\324\126\336}{section.8.6}% 130
\BOOKMARK [0][-]{chapter.9}{\376\377\000R\000I\000S\000C\000-\000V\000\040\000P\000r\000i\000v\000i\000l\000e\000g\000e\000d\000\040\000I\000n\000s\000t\000r\000u\000c\000t\000i\000o\000n\000\040\000S\000e\000t\000\040\000L\000i\000s\000t\000i\000n\000g\000s}{}% 131
\BOOKMARK [0][-]{chapter.10}{\376\377\000H\000i\000s\000t\000o\000r\000y}{}% 132
\BOOKMARK [1][-]{section.10.1}{\376\377\000R\000e\000s\000e\000a\000r\000c\000h\000\040\000F\000u\000n\000d\000i\000n\000g\000\040\000a\000t\000\040\000U\000C\000\040\000B\000e\000r\000k\000e\000l\000e\000y}{chapter.10}% 133
